INFO - 2024-08-10 01:59:07 --> Session: Class initialized using 'CodeIgniter\Session\Handlers\FileHandler' driver.
INFO - 2024-08-10 01:59:23 --> Session: Class initialized using 'CodeIgniter\Session\Handlers\FileHandler' driver.
INFO - 2024-08-10 01:59:35 --> Session: Class initialized using 'CodeIgniter\Session\Handlers\FileHandler' driver.
INFO - 2024-08-10 01:59:36 --> Session: Class initialized using 'CodeIgniter\Session\Handlers\FileHandler' driver.
INFO - 2024-08-10 02:09:23 --> Session: Class initialized using 'CodeIgniter\Session\Handlers\FileHandler' driver.
INFO - 2024-08-10 02:14:28 --> Session: Class initialized using 'CodeIgniter\Session\Handlers\FileHandler' driver.
INFO - 2024-08-10 02:15:07 --> Session: Class initialized using 'CodeIgniter\Session\Handlers\FileHandler' driver.
INFO - 2024-08-10 02:15:09 --> Session: Class initialized using 'CodeIgniter\Session\Handlers\FileHandler' driver.
INFO - 2024-08-10 02:29:57 --> Session: Class initialized using 'CodeIgniter\Session\Handlers\FileHandler' driver.
ERROR - 2024-08-10 02:29:59 --> mysqli_sql_exception: Table 'invetory.tbl_kategori' doesn't exist in C:\laragon\www\inventory-sarpras\system\Database\MySQLi\Connection.php:306
Stack trace:
#0 C:\laragon\www\inventory-sarpras\system\Database\MySQLi\Connection.php(306): mysqli->query('SELECT `tbl_bar...', 0)
#1 C:\laragon\www\inventory-sarpras\system\Database\BaseConnection.php(693): CodeIgniter\Database\MySQLi\Connection->execute('SELECT `tbl_bar...')
#2 C:\laragon\www\inventory-sarpras\system\Database\BaseConnection.php(607): CodeIgniter\Database\BaseConnection->simpleQuery('SELECT `tbl_bar...')
#3 C:\laragon\www\inventory-sarpras\system\Database\BaseBuilder.php(1616): CodeIgniter\Database\BaseConnection->query('SELECT `tbl_bar...', Array, false)
#4 C:\laragon\www\inventory-sarpras\system\Model.php(242): CodeIgniter\Database\BaseBuilder->get()
#5 C:\laragon\www\inventory-sarpras\system\BaseModel.php(638): CodeIgniter\Model->doFindAll(0, 0)
#6 C:\laragon\www\inventory-sarpras\app\Models\ModelBarang.php(19): CodeIgniter\BaseModel->findAll()
#7 C:\laragon\www\inventory-sarpras\app\Controllers\Barang.php(27): App\Models\ModelBarang->allData()
#8 C:\laragon\www\inventory-sarpras\system\CodeIgniter.php(941): App\Controllers\Barang->index()
#9 C:\laragon\www\inventory-sarpras\system\CodeIgniter.php(502): CodeIgniter\CodeIgniter->runController(Object(App\Controllers\Barang))
#10 C:\laragon\www\inventory-sarpras\system\CodeIgniter.php(361): CodeIgniter\CodeIgniter->handleRequest(NULL, Object(Config\Cache), false)
#11 C:\laragon\www\inventory-sarpras\public\index.php(79): CodeIgniter\CodeIgniter->run()
#12 C:\laragon\www\inventory-sarpras\system\Commands\Server\rewrite.php(47): require_once('C:\\laragon\\www\\...')
#13 {main}
CRITICAL - 2024-08-10 02:29:59 --> CodeIgniter\Database\Exceptions\DatabaseException: Table 'invetory.tbl_kategori' doesn't exist
in SYSTEMPATH\Database\BaseConnection.php on line 647.
 1 SYSTEMPATH\Database\BaseBuilder.php(1616): CodeIgniter\Database\BaseConnection->query('SELECT `tbl_barang`.*, `tbl_kategori`.`nama_kategori`, `tbl_lokasi`.`nm_lokasi`
FROM `tbl_barang`
JOIN `tbl_kategori` ON `tbl_kategori`.`id_kategori` = `tbl_barang`.`id_kategori`
JOIN `tbl_lokasi` ON `tbl_lokasi`.`id_lokasi` = `tbl_barang`.`id_lokasi`
ORDER BY `id_barang` DESC', [], false)
 2 SYSTEMPATH\Model.php(242): CodeIgniter\Database\BaseBuilder->get()
 3 SYSTEMPATH\BaseModel.php(638): CodeIgniter\Model->doFindAll(0, 0)
 4 APPPATH\Models\ModelBarang.php(19): CodeIgniter\BaseModel->findAll()
 5 APPPATH\Controllers\Barang.php(27): App\Models\ModelBarang->allData()
 6 SYSTEMPATH\CodeIgniter.php(941): App\Controllers\Barang->index()
 7 SYSTEMPATH\CodeIgniter.php(502): CodeIgniter\CodeIgniter->runController(Object(App\Controllers\Barang))
 8 SYSTEMPATH\CodeIgniter.php(361): CodeIgniter\CodeIgniter->handleRequest(null, Object(Config\Cache), false)
 9 FCPATH\index.php(79): CodeIgniter\CodeIgniter->run()
10 SYSTEMPATH\Commands\Server\rewrite.php(47): require_once('C:\\laragon\\www\\inventory-sarpras\\public\\index.php')
CRITICAL - 2024-08-10 02:29:59 --> [Caused by] CodeIgniter\Database\Exceptions\DatabaseException: Table 'invetory.tbl_kategori' doesn't exist
in SYSTEMPATH\Database\MySQLi\Connection.php on line 311.
 1 SYSTEMPATH\Database\BaseConnection.php(693): CodeIgniter\Database\MySQLi\Connection->execute('SELECT `tbl_barang`.*, `tbl_kategori`.`nama_kategori`, `tbl_lokasi`.`nm_lokasi`
FROM `tbl_barang`
JOIN `tbl_kategori` ON `tbl_kategori`.`id_kategori` = `tbl_barang`.`id_kategori`
JOIN `tbl_lokasi` ON `tbl_lokasi`.`id_lokasi` = `tbl_barang`.`id_lokasi`
ORDER BY `id_barang` DESC')
 2 SYSTEMPATH\Database\BaseConnection.php(607): CodeIgniter\Database\BaseConnection->simpleQuery('SELECT `tbl_barang`.*, `tbl_kategori`.`nama_kategori`, `tbl_lokasi`.`nm_lokasi`
FROM `tbl_barang`
JOIN `tbl_kategori` ON `tbl_kategori`.`id_kategori` = `tbl_barang`.`id_kategori`
JOIN `tbl_lokasi` ON `tbl_lokasi`.`id_lokasi` = `tbl_barang`.`id_lokasi`
ORDER BY `id_barang` DESC')
 3 SYSTEMPATH\Database\BaseBuilder.php(1616): CodeIgniter\Database\BaseConnection->query('SELECT `tbl_barang`.*, `tbl_kategori`.`nama_kategori`, `tbl_lokasi`.`nm_lokasi`
FROM `tbl_barang`
JOIN `tbl_kategori` ON `tbl_kategori`.`id_kategori` = `tbl_barang`.`id_kategori`
JOIN `tbl_lokasi` ON `tbl_lokasi`.`id_lokasi` = `tbl_barang`.`id_lokasi`
ORDER BY `id_barang` DESC', [], false)
 4 SYSTEMPATH\Model.php(242): CodeIgniter\Database\BaseBuilder->get()
 5 SYSTEMPATH\BaseModel.php(638): CodeIgniter\Model->doFindAll(0, 0)
 6 APPPATH\Models\ModelBarang.php(19): CodeIgniter\BaseModel->findAll()
 7 APPPATH\Controllers\Barang.php(27): App\Models\ModelBarang->allData()
 8 SYSTEMPATH\CodeIgniter.php(941): App\Controllers\Barang->index()
 9 SYSTEMPATH\CodeIgniter.php(502): CodeIgniter\CodeIgniter->runController(Object(App\Controllers\Barang))
10 SYSTEMPATH\CodeIgniter.php(361): CodeIgniter\CodeIgniter->handleRequest(null, Object(Config\Cache), false)
11 FCPATH\index.php(79): CodeIgniter\CodeIgniter->run()
12 SYSTEMPATH\Commands\Server\rewrite.php(47): require_once('C:\\laragon\\www\\inventory-sarpras\\public\\index.php')
CRITICAL - 2024-08-10 02:29:59 --> [Caused by] mysqli_sql_exception: Table 'invetory.tbl_kategori' doesn't exist
in SYSTEMPATH\Database\MySQLi\Connection.php on line 306.
 1 SYSTEMPATH\Database\MySQLi\Connection.php(306): mysqli->query('SELECT `tbl_barang`.*, `tbl_kategori`.`nama_kategori`, `tbl_lokasi`.`nm_lokasi`
FROM `tbl_barang`
JOIN `tbl_kategori` ON `tbl_kategori`.`id_kategori` = `tbl_barang`.`id_kategori`
JOIN `tbl_lokasi` ON `tbl_lokasi`.`id_lokasi` = `tbl_barang`.`id_lokasi`
ORDER BY `id_barang` DESC', 0)
 2 SYSTEMPATH\Database\BaseConnection.php(693): CodeIgniter\Database\MySQLi\Connection->execute('SELECT `tbl_barang`.*, `tbl_kategori`.`nama_kategori`, `tbl_lokasi`.`nm_lokasi`
FROM `tbl_barang`
JOIN `tbl_kategori` ON `tbl_kategori`.`id_kategori` = `tbl_barang`.`id_kategori`
JOIN `tbl_lokasi` ON `tbl_lokasi`.`id_lokasi` = `tbl_barang`.`id_lokasi`
ORDER BY `id_barang` DESC')
 3 SYSTEMPATH\Database\BaseConnection.php(607): CodeIgniter\Database\BaseConnection->simpleQuery('SELECT `tbl_barang`.*, `tbl_kategori`.`nama_kategori`, `tbl_lokasi`.`nm_lokasi`
FROM `tbl_barang`
JOIN `tbl_kategori` ON `tbl_kategori`.`id_kategori` = `tbl_barang`.`id_kategori`
JOIN `tbl_lokasi` ON `tbl_lokasi`.`id_lokasi` = `tbl_barang`.`id_lokasi`
ORDER BY `id_barang` DESC')
 4 SYSTEMPATH\Database\BaseBuilder.php(1616): CodeIgniter\Database\BaseConnection->query('SELECT `tbl_barang`.*, `tbl_kategori`.`nama_kategori`, `tbl_lokasi`.`nm_lokasi`
FROM `tbl_barang`
JOIN `tbl_kategori` ON `tbl_kategori`.`id_kategori` = `tbl_barang`.`id_kategori`
JOIN `tbl_lokasi` ON `tbl_lokasi`.`id_lokasi` = `tbl_barang`.`id_lokasi`
ORDER BY `id_barang` DESC', [], false)
 5 SYSTEMPATH\Model.php(242): CodeIgniter\Database\BaseBuilder->get()
 6 SYSTEMPATH\BaseModel.php(638): CodeIgniter\Model->doFindAll(0, 0)
 7 APPPATH\Models\ModelBarang.php(19): CodeIgniter\BaseModel->findAll()
 8 APPPATH\Controllers\Barang.php(27): App\Models\ModelBarang->allData()
 9 SYSTEMPATH\CodeIgniter.php(941): App\Controllers\Barang->index()
10 SYSTEMPATH\CodeIgniter.php(502): CodeIgniter\CodeIgniter->runController(Object(App\Controllers\Barang))
11 SYSTEMPATH\CodeIgniter.php(361): CodeIgniter\CodeIgniter->handleRequest(null, Object(Config\Cache), false)
12 FCPATH\index.php(79): CodeIgniter\CodeIgniter->run()
13 SYSTEMPATH\Commands\Server\rewrite.php(47): require_once('C:\\laragon\\www\\inventory-sarpras\\public\\index.php')
INFO - 2024-08-10 02:31:23 --> Session: Class initialized using 'CodeIgniter\Session\Handlers\FileHandler' driver.
CRITICAL - 2024-08-10 02:31:23 --> Error: Class 'App\Models\ModelKategori' not found
in APPPATH\Controllers\Barang.php on line 19.
 1 SYSTEMPATH\CodeIgniter.php(913): App\Controllers\Barang->__construct()
 2 SYSTEMPATH\CodeIgniter.php(493): CodeIgniter\CodeIgniter->createController()
 3 SYSTEMPATH\CodeIgniter.php(361): CodeIgniter\CodeIgniter->handleRequest(null, Object(Config\Cache), false)
 4 FCPATH\index.php(79): CodeIgniter\CodeIgniter->run()
 5 SYSTEMPATH\Commands\Server\rewrite.php(47): require_once('C:\\laragon\\www\\inventory-sarpras\\public\\index.php')
INFO - 2024-08-10 02:32:01 --> Session: Class initialized using 'CodeIgniter\Session\Handlers\FileHandler' driver.
ERROR - 2024-08-10 02:32:01 --> mysqli_sql_exception: Unknown column 'tbl_kategori.nama_kategori' in 'field list' in C:\laragon\www\inventory-sarpras\system\Database\MySQLi\Connection.php:306
Stack trace:
#0 C:\laragon\www\inventory-sarpras\system\Database\MySQLi\Connection.php(306): mysqli->query('SELECT `tbl_bar...', 0)
#1 C:\laragon\www\inventory-sarpras\system\Database\BaseConnection.php(693): CodeIgniter\Database\MySQLi\Connection->execute('SELECT `tbl_bar...')
#2 C:\laragon\www\inventory-sarpras\system\Database\BaseConnection.php(607): CodeIgniter\Database\BaseConnection->simpleQuery('SELECT `tbl_bar...')
#3 C:\laragon\www\inventory-sarpras\system\Database\BaseBuilder.php(1616): CodeIgniter\Database\BaseConnection->query('SELECT `tbl_bar...', Array, false)
#4 C:\laragon\www\inventory-sarpras\system\Model.php(242): CodeIgniter\Database\BaseBuilder->get()
#5 C:\laragon\www\inventory-sarpras\system\BaseModel.php(638): CodeIgniter\Model->doFindAll(0, 0)
#6 C:\laragon\www\inventory-sarpras\app\Models\ModelBarang.php(18): CodeIgniter\BaseModel->findAll()
#7 C:\laragon\www\inventory-sarpras\app\Controllers\Barang.php(26): App\Models\ModelBarang->allData()
#8 C:\laragon\www\inventory-sarpras\system\CodeIgniter.php(941): App\Controllers\Barang->index()
#9 C:\laragon\www\inventory-sarpras\system\CodeIgniter.php(502): CodeIgniter\CodeIgniter->runController(Object(App\Controllers\Barang))
#10 C:\laragon\www\inventory-sarpras\system\CodeIgniter.php(361): CodeIgniter\CodeIgniter->handleRequest(NULL, Object(Config\Cache), false)
#11 C:\laragon\www\inventory-sarpras\public\index.php(79): CodeIgniter\CodeIgniter->run()
#12 C:\laragon\www\inventory-sarpras\system\Commands\Server\rewrite.php(47): require_once('C:\\laragon\\www\\...')
#13 {main}
CRITICAL - 2024-08-10 02:32:01 --> CodeIgniter\Database\Exceptions\DatabaseException: Unknown column 'tbl_kategori.nama_kategori' in 'field list'
in SYSTEMPATH\Database\BaseConnection.php on line 647.
 1 SYSTEMPATH\Database\BaseBuilder.php(1616): CodeIgniter\Database\BaseConnection->query('SELECT `tbl_barang`.*, `tbl_kategori`.`nama_kategori`, `tbl_lokasi`.`nm_lokasi`
FROM `tbl_barang`
JOIN `tbl_lokasi` ON `tbl_lokasi`.`id_lokasi` = `tbl_barang`.`id_lokasi`
ORDER BY `id_barang` DESC', [], false)
 2 SYSTEMPATH\Model.php(242): CodeIgniter\Database\BaseBuilder->get()
 3 SYSTEMPATH\BaseModel.php(638): CodeIgniter\Model->doFindAll(0, 0)
 4 APPPATH\Models\ModelBarang.php(18): CodeIgniter\BaseModel->findAll()
 5 APPPATH\Controllers\Barang.php(26): App\Models\ModelBarang->allData()
 6 SYSTEMPATH\CodeIgniter.php(941): App\Controllers\Barang->index()
 7 SYSTEMPATH\CodeIgniter.php(502): CodeIgniter\CodeIgniter->runController(Object(App\Controllers\Barang))
 8 SYSTEMPATH\CodeIgniter.php(361): CodeIgniter\CodeIgniter->handleRequest(null, Object(Config\Cache), false)
 9 FCPATH\index.php(79): CodeIgniter\CodeIgniter->run()
10 SYSTEMPATH\Commands\Server\rewrite.php(47): require_once('C:\\laragon\\www\\inventory-sarpras\\public\\index.php')
CRITICAL - 2024-08-10 02:32:01 --> [Caused by] CodeIgniter\Database\Exceptions\DatabaseException: Unknown column 'tbl_kategori.nama_kategori' in 'field list'
in SYSTEMPATH\Database\MySQLi\Connection.php on line 311.
 1 SYSTEMPATH\Database\BaseConnection.php(693): CodeIgniter\Database\MySQLi\Connection->execute('SELECT `tbl_barang`.*, `tbl_kategori`.`nama_kategori`, `tbl_lokasi`.`nm_lokasi`
FROM `tbl_barang`
JOIN `tbl_lokasi` ON `tbl_lokasi`.`id_lokasi` = `tbl_barang`.`id_lokasi`
ORDER BY `id_barang` DESC')
 2 SYSTEMPATH\Database\BaseConnection.php(607): CodeIgniter\Database\BaseConnection->simpleQuery('SELECT `tbl_barang`.*, `tbl_kategori`.`nama_kategori`, `tbl_lokasi`.`nm_lokasi`
FROM `tbl_barang`
JOIN `tbl_lokasi` ON `tbl_lokasi`.`id_lokasi` = `tbl_barang`.`id_lokasi`
ORDER BY `id_barang` DESC')
 3 SYSTEMPATH\Database\BaseBuilder.php(1616): CodeIgniter\Database\BaseConnection->query('SELECT `tbl_barang`.*, `tbl_kategori`.`nama_kategori`, `tbl_lokasi`.`nm_lokasi`
FROM `tbl_barang`
JOIN `tbl_lokasi` ON `tbl_lokasi`.`id_lokasi` = `tbl_barang`.`id_lokasi`
ORDER BY `id_barang` DESC', [], false)
 4 SYSTEMPATH\Model.php(242): CodeIgniter\Database\BaseBuilder->get()
 5 SYSTEMPATH\BaseModel.php(638): CodeIgniter\Model->doFindAll(0, 0)
 6 APPPATH\Models\ModelBarang.php(18): CodeIgniter\BaseModel->findAll()
 7 APPPATH\Controllers\Barang.php(26): App\Models\ModelBarang->allData()
 8 SYSTEMPATH\CodeIgniter.php(941): App\Controllers\Barang->index()
 9 SYSTEMPATH\CodeIgniter.php(502): CodeIgniter\CodeIgniter->runController(Object(App\Controllers\Barang))
10 SYSTEMPATH\CodeIgniter.php(361): CodeIgniter\CodeIgniter->handleRequest(null, Object(Config\Cache), false)
11 FCPATH\index.php(79): CodeIgniter\CodeIgniter->run()
12 SYSTEMPATH\Commands\Server\rewrite.php(47): require_once('C:\\laragon\\www\\inventory-sarpras\\public\\index.php')
CRITICAL - 2024-08-10 02:32:01 --> [Caused by] mysqli_sql_exception: Unknown column 'tbl_kategori.nama_kategori' in 'field list'
in SYSTEMPATH\Database\MySQLi\Connection.php on line 306.
 1 SYSTEMPATH\Database\MySQLi\Connection.php(306): mysqli->query('SELECT `tbl_barang`.*, `tbl_kategori`.`nama_kategori`, `tbl_lokasi`.`nm_lokasi`
FROM `tbl_barang`
JOIN `tbl_lokasi` ON `tbl_lokasi`.`id_lokasi` = `tbl_barang`.`id_lokasi`
ORDER BY `id_barang` DESC', 0)
 2 SYSTEMPATH\Database\BaseConnection.php(693): CodeIgniter\Database\MySQLi\Connection->execute('SELECT `tbl_barang`.*, `tbl_kategori`.`nama_kategori`, `tbl_lokasi`.`nm_lokasi`
FROM `tbl_barang`
JOIN `tbl_lokasi` ON `tbl_lokasi`.`id_lokasi` = `tbl_barang`.`id_lokasi`
ORDER BY `id_barang` DESC')
 3 SYSTEMPATH\Database\BaseConnection.php(607): CodeIgniter\Database\BaseConnection->simpleQuery('SELECT `tbl_barang`.*, `tbl_kategori`.`nama_kategori`, `tbl_lokasi`.`nm_lokasi`
FROM `tbl_barang`
JOIN `tbl_lokasi` ON `tbl_lokasi`.`id_lokasi` = `tbl_barang`.`id_lokasi`
ORDER BY `id_barang` DESC')
 4 SYSTEMPATH\Database\BaseBuilder.php(1616): CodeIgniter\Database\BaseConnection->query('SELECT `tbl_barang`.*, `tbl_kategori`.`nama_kategori`, `tbl_lokasi`.`nm_lokasi`
FROM `tbl_barang`
JOIN `tbl_lokasi` ON `tbl_lokasi`.`id_lokasi` = `tbl_barang`.`id_lokasi`
ORDER BY `id_barang` DESC', [], false)
 5 SYSTEMPATH\Model.php(242): CodeIgniter\Database\BaseBuilder->get()
 6 SYSTEMPATH\BaseModel.php(638): CodeIgniter\Model->doFindAll(0, 0)
 7 APPPATH\Models\ModelBarang.php(18): CodeIgniter\BaseModel->findAll()
 8 APPPATH\Controllers\Barang.php(26): App\Models\ModelBarang->allData()
 9 SYSTEMPATH\CodeIgniter.php(941): App\Controllers\Barang->index()
10 SYSTEMPATH\CodeIgniter.php(502): CodeIgniter\CodeIgniter->runController(Object(App\Controllers\Barang))
11 SYSTEMPATH\CodeIgniter.php(361): CodeIgniter\CodeIgniter->handleRequest(null, Object(Config\Cache), false)
12 FCPATH\index.php(79): CodeIgniter\CodeIgniter->run()
13 SYSTEMPATH\Commands\Server\rewrite.php(47): require_once('C:\\laragon\\www\\inventory-sarpras\\public\\index.php')
INFO - 2024-08-10 02:32:58 --> Session: Class initialized using 'CodeIgniter\Session\Handlers\FileHandler' driver.
ERROR - 2024-08-10 02:32:58 --> mysqli_sql_exception: Unknown column 'tbl_kategori.nama_kategori' in 'field list' in C:\laragon\www\inventory-sarpras\system\Database\MySQLi\Connection.php:306
Stack trace:
#0 C:\laragon\www\inventory-sarpras\system\Database\MySQLi\Connection.php(306): mysqli->query('SELECT `tbl_bar...', 0)
#1 C:\laragon\www\inventory-sarpras\system\Database\BaseConnection.php(693): CodeIgniter\Database\MySQLi\Connection->execute('SELECT `tbl_bar...')
#2 C:\laragon\www\inventory-sarpras\system\Database\BaseConnection.php(607): CodeIgniter\Database\BaseConnection->simpleQuery('SELECT `tbl_bar...')
#3 C:\laragon\www\inventory-sarpras\system\Database\BaseBuilder.php(1616): CodeIgniter\Database\BaseConnection->query('SELECT `tbl_bar...', Array, false)
#4 C:\laragon\www\inventory-sarpras\system\Model.php(242): CodeIgniter\Database\BaseBuilder->get()
#5 C:\laragon\www\inventory-sarpras\system\BaseModel.php(638): CodeIgniter\Model->doFindAll(0, 0)
#6 C:\laragon\www\inventory-sarpras\app\Models\ModelBarang.php(18): CodeIgniter\BaseModel->findAll()
#7 C:\laragon\www\inventory-sarpras\app\Controllers\Barang.php(26): App\Models\ModelBarang->allData()
#8 C:\laragon\www\inventory-sarpras\system\CodeIgniter.php(941): App\Controllers\Barang->index()
#9 C:\laragon\www\inventory-sarpras\system\CodeIgniter.php(502): CodeIgniter\CodeIgniter->runController(Object(App\Controllers\Barang))
#10 C:\laragon\www\inventory-sarpras\system\CodeIgniter.php(361): CodeIgniter\CodeIgniter->handleRequest(NULL, Object(Config\Cache), false)
#11 C:\laragon\www\inventory-sarpras\public\index.php(79): CodeIgniter\CodeIgniter->run()
#12 C:\laragon\www\inventory-sarpras\system\Commands\Server\rewrite.php(47): require_once('C:\\laragon\\www\\...')
#13 {main}
CRITICAL - 2024-08-10 02:32:58 --> CodeIgniter\Database\Exceptions\DatabaseException: Unknown column 'tbl_kategori.nama_kategori' in 'field list'
in SYSTEMPATH\Database\BaseConnection.php on line 647.
 1 SYSTEMPATH\Database\BaseBuilder.php(1616): CodeIgniter\Database\BaseConnection->query('SELECT `tbl_barang`.*, `tbl_kategori`.`nama_kategori`, `tbl_lokasi`.`nm_lokasi`
FROM `tbl_barang`
JOIN `tbl_lokasi` ON `tbl_lokasi`.`id_lokasi` = `tbl_barang`.`id_lokasi`
ORDER BY `id_barang` DESC', [], false)
 2 SYSTEMPATH\Model.php(242): CodeIgniter\Database\BaseBuilder->get()
 3 SYSTEMPATH\BaseModel.php(638): CodeIgniter\Model->doFindAll(0, 0)
 4 APPPATH\Models\ModelBarang.php(18): CodeIgniter\BaseModel->findAll()
 5 APPPATH\Controllers\Barang.php(26): App\Models\ModelBarang->allData()
 6 SYSTEMPATH\CodeIgniter.php(941): App\Controllers\Barang->index()
 7 SYSTEMPATH\CodeIgniter.php(502): CodeIgniter\CodeIgniter->runController(Object(App\Controllers\Barang))
 8 SYSTEMPATH\CodeIgniter.php(361): CodeIgniter\CodeIgniter->handleRequest(null, Object(Config\Cache), false)
 9 FCPATH\index.php(79): CodeIgniter\CodeIgniter->run()
10 SYSTEMPATH\Commands\Server\rewrite.php(47): require_once('C:\\laragon\\www\\inventory-sarpras\\public\\index.php')
CRITICAL - 2024-08-10 02:32:59 --> [Caused by] CodeIgniter\Database\Exceptions\DatabaseException: Unknown column 'tbl_kategori.nama_kategori' in 'field list'
in SYSTEMPATH\Database\MySQLi\Connection.php on line 311.
 1 SYSTEMPATH\Database\BaseConnection.php(693): CodeIgniter\Database\MySQLi\Connection->execute('SELECT `tbl_barang`.*, `tbl_kategori`.`nama_kategori`, `tbl_lokasi`.`nm_lokasi`
FROM `tbl_barang`
JOIN `tbl_lokasi` ON `tbl_lokasi`.`id_lokasi` = `tbl_barang`.`id_lokasi`
ORDER BY `id_barang` DESC')
 2 SYSTEMPATH\Database\BaseConnection.php(607): CodeIgniter\Database\BaseConnection->simpleQuery('SELECT `tbl_barang`.*, `tbl_kategori`.`nama_kategori`, `tbl_lokasi`.`nm_lokasi`
FROM `tbl_barang`
JOIN `tbl_lokasi` ON `tbl_lokasi`.`id_lokasi` = `tbl_barang`.`id_lokasi`
ORDER BY `id_barang` DESC')
 3 SYSTEMPATH\Database\BaseBuilder.php(1616): CodeIgniter\Database\BaseConnection->query('SELECT `tbl_barang`.*, `tbl_kategori`.`nama_kategori`, `tbl_lokasi`.`nm_lokasi`
FROM `tbl_barang`
JOIN `tbl_lokasi` ON `tbl_lokasi`.`id_lokasi` = `tbl_barang`.`id_lokasi`
ORDER BY `id_barang` DESC', [], false)
 4 SYSTEMPATH\Model.php(242): CodeIgniter\Database\BaseBuilder->get()
 5 SYSTEMPATH\BaseModel.php(638): CodeIgniter\Model->doFindAll(0, 0)
 6 APPPATH\Models\ModelBarang.php(18): CodeIgniter\BaseModel->findAll()
 7 APPPATH\Controllers\Barang.php(26): App\Models\ModelBarang->allData()
 8 SYSTEMPATH\CodeIgniter.php(941): App\Controllers\Barang->index()
 9 SYSTEMPATH\CodeIgniter.php(502): CodeIgniter\CodeIgniter->runController(Object(App\Controllers\Barang))
10 SYSTEMPATH\CodeIgniter.php(361): CodeIgniter\CodeIgniter->handleRequest(null, Object(Config\Cache), false)
11 FCPATH\index.php(79): CodeIgniter\CodeIgniter->run()
12 SYSTEMPATH\Commands\Server\rewrite.php(47): require_once('C:\\laragon\\www\\inventory-sarpras\\public\\index.php')
CRITICAL - 2024-08-10 02:32:59 --> [Caused by] mysqli_sql_exception: Unknown column 'tbl_kategori.nama_kategori' in 'field list'
in SYSTEMPATH\Database\MySQLi\Connection.php on line 306.
 1 SYSTEMPATH\Database\MySQLi\Connection.php(306): mysqli->query('SELECT `tbl_barang`.*, `tbl_kategori`.`nama_kategori`, `tbl_lokasi`.`nm_lokasi`
FROM `tbl_barang`
JOIN `tbl_lokasi` ON `tbl_lokasi`.`id_lokasi` = `tbl_barang`.`id_lokasi`
ORDER BY `id_barang` DESC', 0)
 2 SYSTEMPATH\Database\BaseConnection.php(693): CodeIgniter\Database\MySQLi\Connection->execute('SELECT `tbl_barang`.*, `tbl_kategori`.`nama_kategori`, `tbl_lokasi`.`nm_lokasi`
FROM `tbl_barang`
JOIN `tbl_lokasi` ON `tbl_lokasi`.`id_lokasi` = `tbl_barang`.`id_lokasi`
ORDER BY `id_barang` DESC')
 3 SYSTEMPATH\Database\BaseConnection.php(607): CodeIgniter\Database\BaseConnection->simpleQuery('SELECT `tbl_barang`.*, `tbl_kategori`.`nama_kategori`, `tbl_lokasi`.`nm_lokasi`
FROM `tbl_barang`
JOIN `tbl_lokasi` ON `tbl_lokasi`.`id_lokasi` = `tbl_barang`.`id_lokasi`
ORDER BY `id_barang` DESC')
 4 SYSTEMPATH\Database\BaseBuilder.php(1616): CodeIgniter\Database\BaseConnection->query('SELECT `tbl_barang`.*, `tbl_kategori`.`nama_kategori`, `tbl_lokasi`.`nm_lokasi`
FROM `tbl_barang`
JOIN `tbl_lokasi` ON `tbl_lokasi`.`id_lokasi` = `tbl_barang`.`id_lokasi`
ORDER BY `id_barang` DESC', [], false)
 5 SYSTEMPATH\Model.php(242): CodeIgniter\Database\BaseBuilder->get()
 6 SYSTEMPATH\BaseModel.php(638): CodeIgniter\Model->doFindAll(0, 0)
 7 APPPATH\Models\ModelBarang.php(18): CodeIgniter\BaseModel->findAll()
 8 APPPATH\Controllers\Barang.php(26): App\Models\ModelBarang->allData()
 9 SYSTEMPATH\CodeIgniter.php(941): App\Controllers\Barang->index()
10 SYSTEMPATH\CodeIgniter.php(502): CodeIgniter\CodeIgniter->runController(Object(App\Controllers\Barang))
11 SYSTEMPATH\CodeIgniter.php(361): CodeIgniter\CodeIgniter->handleRequest(null, Object(Config\Cache), false)
12 FCPATH\index.php(79): CodeIgniter\CodeIgniter->run()
13 SYSTEMPATH\Commands\Server\rewrite.php(47): require_once('C:\\laragon\\www\\inventory-sarpras\\public\\index.php')
INFO - 2024-08-10 02:35:09 --> Session: Class initialized using 'CodeIgniter\Session\Handlers\FileHandler' driver.
ERROR - 2024-08-10 02:35:09 --> mysqli_sql_exception: Unknown column 'tbl_kategori.nama_kategori' in 'field list' in C:\laragon\www\inventory-sarpras\system\Database\MySQLi\Connection.php:306
Stack trace:
#0 C:\laragon\www\inventory-sarpras\system\Database\MySQLi\Connection.php(306): mysqli->query('SELECT `tbl_bar...', 0)
#1 C:\laragon\www\inventory-sarpras\system\Database\BaseConnection.php(693): CodeIgniter\Database\MySQLi\Connection->execute('SELECT `tbl_bar...')
#2 C:\laragon\www\inventory-sarpras\system\Database\BaseConnection.php(607): CodeIgniter\Database\BaseConnection->simpleQuery('SELECT `tbl_bar...')
#3 C:\laragon\www\inventory-sarpras\system\Database\BaseBuilder.php(1616): CodeIgniter\Database\BaseConnection->query('SELECT `tbl_bar...', Array, false)
#4 C:\laragon\www\inventory-sarpras\system\Model.php(242): CodeIgniter\Database\BaseBuilder->get()
#5 C:\laragon\www\inventory-sarpras\system\BaseModel.php(638): CodeIgniter\Model->doFindAll(0, 0)
#6 C:\laragon\www\inventory-sarpras\app\Models\ModelBarang.php(18): CodeIgniter\BaseModel->findAll()
#7 C:\laragon\www\inventory-sarpras\app\Controllers\Barang.php(26): App\Models\ModelBarang->allData()
#8 C:\laragon\www\inventory-sarpras\system\CodeIgniter.php(941): App\Controllers\Barang->index()
#9 C:\laragon\www\inventory-sarpras\system\CodeIgniter.php(502): CodeIgniter\CodeIgniter->runController(Object(App\Controllers\Barang))
#10 C:\laragon\www\inventory-sarpras\system\CodeIgniter.php(361): CodeIgniter\CodeIgniter->handleRequest(NULL, Object(Config\Cache), false)
#11 C:\laragon\www\inventory-sarpras\public\index.php(79): CodeIgniter\CodeIgniter->run()
#12 C:\laragon\www\inventory-sarpras\system\Commands\Server\rewrite.php(47): require_once('C:\\laragon\\www\\...')
#13 {main}
CRITICAL - 2024-08-10 02:35:09 --> CodeIgniter\Database\Exceptions\DatabaseException: Unknown column 'tbl_kategori.nama_kategori' in 'field list'
in SYSTEMPATH\Database\BaseConnection.php on line 647.
 1 SYSTEMPATH\Database\BaseBuilder.php(1616): CodeIgniter\Database\BaseConnection->query('SELECT `tbl_barang`.*, `tbl_kategori`.`nama_kategori`, `tbl_lokasi`.`nm_lokasi`
FROM `tbl_barang`
JOIN `tbl_lokasi` ON `tbl_lokasi`.`id_lokasi` = `tbl_barang`.`id_lokasi`
ORDER BY `id_barang` DESC', [], false)
 2 SYSTEMPATH\Model.php(242): CodeIgniter\Database\BaseBuilder->get()
 3 SYSTEMPATH\BaseModel.php(638): CodeIgniter\Model->doFindAll(0, 0)
 4 APPPATH\Models\ModelBarang.php(18): CodeIgniter\BaseModel->findAll()
 5 APPPATH\Controllers\Barang.php(26): App\Models\ModelBarang->allData()
 6 SYSTEMPATH\CodeIgniter.php(941): App\Controllers\Barang->index()
 7 SYSTEMPATH\CodeIgniter.php(502): CodeIgniter\CodeIgniter->runController(Object(App\Controllers\Barang))
 8 SYSTEMPATH\CodeIgniter.php(361): CodeIgniter\CodeIgniter->handleRequest(null, Object(Config\Cache), false)
 9 FCPATH\index.php(79): CodeIgniter\CodeIgniter->run()
10 SYSTEMPATH\Commands\Server\rewrite.php(47): require_once('C:\\laragon\\www\\inventory-sarpras\\public\\index.php')
CRITICAL - 2024-08-10 02:35:09 --> [Caused by] CodeIgniter\Database\Exceptions\DatabaseException: Unknown column 'tbl_kategori.nama_kategori' in 'field list'
in SYSTEMPATH\Database\MySQLi\Connection.php on line 311.
 1 SYSTEMPATH\Database\BaseConnection.php(693): CodeIgniter\Database\MySQLi\Connection->execute('SELECT `tbl_barang`.*, `tbl_kategori`.`nama_kategori`, `tbl_lokasi`.`nm_lokasi`
FROM `tbl_barang`
JOIN `tbl_lokasi` ON `tbl_lokasi`.`id_lokasi` = `tbl_barang`.`id_lokasi`
ORDER BY `id_barang` DESC')
 2 SYSTEMPATH\Database\BaseConnection.php(607): CodeIgniter\Database\BaseConnection->simpleQuery('SELECT `tbl_barang`.*, `tbl_kategori`.`nama_kategori`, `tbl_lokasi`.`nm_lokasi`
FROM `tbl_barang`
JOIN `tbl_lokasi` ON `tbl_lokasi`.`id_lokasi` = `tbl_barang`.`id_lokasi`
ORDER BY `id_barang` DESC')
 3 SYSTEMPATH\Database\BaseBuilder.php(1616): CodeIgniter\Database\BaseConnection->query('SELECT `tbl_barang`.*, `tbl_kategori`.`nama_kategori`, `tbl_lokasi`.`nm_lokasi`
FROM `tbl_barang`
JOIN `tbl_lokasi` ON `tbl_lokasi`.`id_lokasi` = `tbl_barang`.`id_lokasi`
ORDER BY `id_barang` DESC', [], false)
 4 SYSTEMPATH\Model.php(242): CodeIgniter\Database\BaseBuilder->get()
 5 SYSTEMPATH\BaseModel.php(638): CodeIgniter\Model->doFindAll(0, 0)
 6 APPPATH\Models\ModelBarang.php(18): CodeIgniter\BaseModel->findAll()
 7 APPPATH\Controllers\Barang.php(26): App\Models\ModelBarang->allData()
 8 SYSTEMPATH\CodeIgniter.php(941): App\Controllers\Barang->index()
 9 SYSTEMPATH\CodeIgniter.php(502): CodeIgniter\CodeIgniter->runController(Object(App\Controllers\Barang))
10 SYSTEMPATH\CodeIgniter.php(361): CodeIgniter\CodeIgniter->handleRequest(null, Object(Config\Cache), false)
11 FCPATH\index.php(79): CodeIgniter\CodeIgniter->run()
12 SYSTEMPATH\Commands\Server\rewrite.php(47): require_once('C:\\laragon\\www\\inventory-sarpras\\public\\index.php')
CRITICAL - 2024-08-10 02:35:09 --> [Caused by] mysqli_sql_exception: Unknown column 'tbl_kategori.nama_kategori' in 'field list'
in SYSTEMPATH\Database\MySQLi\Connection.php on line 306.
 1 SYSTEMPATH\Database\MySQLi\Connection.php(306): mysqli->query('SELECT `tbl_barang`.*, `tbl_kategori`.`nama_kategori`, `tbl_lokasi`.`nm_lokasi`
FROM `tbl_barang`
JOIN `tbl_lokasi` ON `tbl_lokasi`.`id_lokasi` = `tbl_barang`.`id_lokasi`
ORDER BY `id_barang` DESC', 0)
 2 SYSTEMPATH\Database\BaseConnection.php(693): CodeIgniter\Database\MySQLi\Connection->execute('SELECT `tbl_barang`.*, `tbl_kategori`.`nama_kategori`, `tbl_lokasi`.`nm_lokasi`
FROM `tbl_barang`
JOIN `tbl_lokasi` ON `tbl_lokasi`.`id_lokasi` = `tbl_barang`.`id_lokasi`
ORDER BY `id_barang` DESC')
 3 SYSTEMPATH\Database\BaseConnection.php(607): CodeIgniter\Database\BaseConnection->simpleQuery('SELECT `tbl_barang`.*, `tbl_kategori`.`nama_kategori`, `tbl_lokasi`.`nm_lokasi`
FROM `tbl_barang`
JOIN `tbl_lokasi` ON `tbl_lokasi`.`id_lokasi` = `tbl_barang`.`id_lokasi`
ORDER BY `id_barang` DESC')
 4 SYSTEMPATH\Database\BaseBuilder.php(1616): CodeIgniter\Database\BaseConnection->query('SELECT `tbl_barang`.*, `tbl_kategori`.`nama_kategori`, `tbl_lokasi`.`nm_lokasi`
FROM `tbl_barang`
JOIN `tbl_lokasi` ON `tbl_lokasi`.`id_lokasi` = `tbl_barang`.`id_lokasi`
ORDER BY `id_barang` DESC', [], false)
 5 SYSTEMPATH\Model.php(242): CodeIgniter\Database\BaseBuilder->get()
 6 SYSTEMPATH\BaseModel.php(638): CodeIgniter\Model->doFindAll(0, 0)
 7 APPPATH\Models\ModelBarang.php(18): CodeIgniter\BaseModel->findAll()
 8 APPPATH\Controllers\Barang.php(26): App\Models\ModelBarang->allData()
 9 SYSTEMPATH\CodeIgniter.php(941): App\Controllers\Barang->index()
10 SYSTEMPATH\CodeIgniter.php(502): CodeIgniter\CodeIgniter->runController(Object(App\Controllers\Barang))
11 SYSTEMPATH\CodeIgniter.php(361): CodeIgniter\CodeIgniter->handleRequest(null, Object(Config\Cache), false)
12 FCPATH\index.php(79): CodeIgniter\CodeIgniter->run()
13 SYSTEMPATH\Commands\Server\rewrite.php(47): require_once('C:\\laragon\\www\\inventory-sarpras\\public\\index.php')
INFO - 2024-08-10 02:35:48 --> Session: Class initialized using 'CodeIgniter\Session\Handlers\FileHandler' driver.
INFO - 2024-08-10 02:36:05 --> Session: Class initialized using 'CodeIgniter\Session\Handlers\FileHandler' driver.
CRITICAL - 2024-08-10 02:36:05 --> ErrorException: Illegal string offset 'id_barang'
in APPPATH\Models\ModelBarang.php on line 28.
 1 APPPATH\Models\ModelBarang.php(28): CodeIgniter\Debug\Exceptions->errorHandler(2, 'Illegal string offset \'id_barang\'', 'C:\\laragon\\www\\inventory-sarpras\\app\\Models\\ModelBarang.php', 28, [...])
 2 APPPATH\Controllers\Barang.php(56): App\Models\ModelBarang->edit('2', [...])
 3 SYSTEMPATH\CodeIgniter.php(941): App\Controllers\Barang->edit('2')
 4 SYSTEMPATH\CodeIgniter.php(502): CodeIgniter\CodeIgniter->runController(Object(App\Controllers\Barang))
 5 SYSTEMPATH\CodeIgniter.php(361): CodeIgniter\CodeIgniter->handleRequest(null, Object(Config\Cache), false)
 6 FCPATH\index.php(79): CodeIgniter\CodeIgniter->run()
 7 SYSTEMPATH\Commands\Server\rewrite.php(47): require_once('C:\\laragon\\www\\inventory-sarpras\\public\\index.php')
INFO - 2024-08-10 02:40:04 --> Session: Class initialized using 'CodeIgniter\Session\Handlers\FileHandler' driver.
INFO - 2024-08-10 02:41:44 --> Session: Class initialized using 'CodeIgniter\Session\Handlers\FileHandler' driver.
INFO - 2024-08-10 02:41:47 --> Session: Class initialized using 'CodeIgniter\Session\Handlers\FileHandler' driver.
INFO - 2024-08-10 02:42:07 --> Session: Class initialized using 'CodeIgniter\Session\Handlers\FileHandler' driver.
INFO - 2024-08-10 02:42:08 --> Session: Class initialized using 'CodeIgniter\Session\Handlers\FileHandler' driver.
INFO - 2024-08-10 02:42:39 --> Session: Class initialized using 'CodeIgniter\Session\Handlers\FileHandler' driver.
INFO - 2024-08-10 02:42:40 --> Session: Class initialized using 'CodeIgniter\Session\Handlers\FileHandler' driver.
INFO - 2024-08-10 02:43:10 --> Session: Class initialized using 'CodeIgniter\Session\Handlers\FileHandler' driver.
CRITICAL - 2024-08-10 02:43:10 --> ErrorException: Illegal string offset 'id_barang'
in APPPATH\Models\ModelBarang.php on line 28.
 1 APPPATH\Models\ModelBarang.php(28): CodeIgniter\Debug\Exceptions->errorHandler(2, 'Illegal string offset \'id_barang\'', 'C:\\laragon\\www\\inventory-sarpras\\app\\Models\\ModelBarang.php', 28, [...])
 2 APPPATH\Controllers\Barang.php(56): App\Models\ModelBarang->edit('4', [...])
 3 SYSTEMPATH\CodeIgniter.php(941): App\Controllers\Barang->edit('4')
 4 SYSTEMPATH\CodeIgniter.php(502): CodeIgniter\CodeIgniter->runController(Object(App\Controllers\Barang))
 5 SYSTEMPATH\CodeIgniter.php(361): CodeIgniter\CodeIgniter->handleRequest(null, Object(Config\Cache), false)
 6 FCPATH\index.php(79): CodeIgniter\CodeIgniter->run()
 7 SYSTEMPATH\Commands\Server\rewrite.php(47): require_once('C:\\laragon\\www\\inventory-sarpras\\public\\index.php')
INFO - 2024-08-10 03:27:35 --> Session: Class initialized using 'CodeIgniter\Session\Handlers\FileHandler' driver.
INFO - 2024-08-10 03:28:02 --> Session: Class initialized using 'CodeIgniter\Session\Handlers\FileHandler' driver.
INFO - 2024-08-10 03:28:04 --> Session: Class initialized using 'CodeIgniter\Session\Handlers\FileHandler' driver.
INFO - 2024-08-10 03:28:19 --> Session: Class initialized using 'CodeIgniter\Session\Handlers\FileHandler' driver.
INFO - 2024-08-10 03:28:29 --> Session: Class initialized using 'CodeIgniter\Session\Handlers\FileHandler' driver.
INFO - 2024-08-10 03:52:01 --> Session: Class initialized using 'CodeIgniter\Session\Handlers\FileHandler' driver.
CRITICAL - 2024-08-10 03:52:02 --> Error: Call to undefined function rupiah()
in APPPATH\Views\admin\v_usulan_barang.php on line 45.
 1 SYSTEMPATH\View\View.php(228): include()
 2 SYSTEMPATH\View\View.php(231): CodeIgniter\View\View->CodeIgniter\View\{closure}()
 3 SYSTEMPATH\Common.php(1178): CodeIgniter\View\View->render('admin/v_usulan_barang', [], true)
 4 APPPATH\Views\layout\v_content.php(3): view('admin/v_usulan_barang')
 5 SYSTEMPATH\View\View.php(228): include('C:\\laragon\\www\\inventory-sarpras\\app\\Views\\layout\\v_content.php')
 6 SYSTEMPATH\View\View.php(231): CodeIgniter\View\View->CodeIgniter\View\{closure}()
 7 SYSTEMPATH\Common.php(1178): CodeIgniter\View\View->render('layout/v_content', [], true)
 8 APPPATH\Views\layout\v_wrapper.php(6): view('layout/v_content')
 9 SYSTEMPATH\View\View.php(228): include('C:\\laragon\\www\\inventory-sarpras\\app\\Views\\layout\\v_wrapper.php')
10 SYSTEMPATH\View\View.php(231): CodeIgniter\View\View->CodeIgniter\View\{closure}()
11 SYSTEMPATH\Common.php(1178): CodeIgniter\View\View->render('layout/v_wrapper', [], true)
12 APPPATH\Controllers\UsulanBarang.php(24): view('layout/v_wrapper', [...])
13 SYSTEMPATH\CodeIgniter.php(941): App\Controllers\UsulanBarang->index()
14 SYSTEMPATH\CodeIgniter.php(502): CodeIgniter\CodeIgniter->runController(Object(App\Controllers\UsulanBarang))
15 SYSTEMPATH\CodeIgniter.php(361): CodeIgniter\CodeIgniter->handleRequest(null, Object(Config\Cache), false)
16 FCPATH\index.php(79): CodeIgniter\CodeIgniter->run()
17 SYSTEMPATH\Commands\Server\rewrite.php(47): require_once('C:\\laragon\\www\\inventory-sarpras\\public\\index.php')
INFO - 2024-08-10 04:01:51 --> Session: Class initialized using 'CodeIgniter\Session\Handlers\FileHandler' driver.
CRITICAL - 2024-08-10 04:01:52 --> Error: Call to undefined function rupiah()
in APPPATH\Views\admin\v_usulan_barang.php on line 45.
 1 SYSTEMPATH\View\View.php(228): include()
 2 SYSTEMPATH\View\View.php(231): CodeIgniter\View\View->CodeIgniter\View\{closure}()
 3 SYSTEMPATH\Common.php(1178): CodeIgniter\View\View->render('admin/v_usulan_barang', [], true)
 4 APPPATH\Views\layout\v_content.php(3): view('admin/v_usulan_barang')
 5 SYSTEMPATH\View\View.php(228): include('C:\\laragon\\www\\inventory-sarpras\\app\\Views\\layout\\v_content.php')
 6 SYSTEMPATH\View\View.php(231): CodeIgniter\View\View->CodeIgniter\View\{closure}()
 7 SYSTEMPATH\Common.php(1178): CodeIgniter\View\View->render('layout/v_content', [], true)
 8 APPPATH\Views\layout\v_wrapper.php(6): view('layout/v_content')
 9 SYSTEMPATH\View\View.php(228): include('C:\\laragon\\www\\inventory-sarpras\\app\\Views\\layout\\v_wrapper.php')
10 SYSTEMPATH\View\View.php(231): CodeIgniter\View\View->CodeIgniter\View\{closure}()
11 SYSTEMPATH\Common.php(1178): CodeIgniter\View\View->render('layout/v_wrapper', [], true)
12 APPPATH\Controllers\UsulanBarang.php(24): view('layout/v_wrapper', [...])
13 SYSTEMPATH\CodeIgniter.php(941): App\Controllers\UsulanBarang->index()
14 SYSTEMPATH\CodeIgniter.php(502): CodeIgniter\CodeIgniter->runController(Object(App\Controllers\UsulanBarang))
15 SYSTEMPATH\CodeIgniter.php(361): CodeIgniter\CodeIgniter->handleRequest(null, Object(Config\Cache), false)
16 FCPATH\index.php(79): CodeIgniter\CodeIgniter->run()
17 SYSTEMPATH\Commands\Server\rewrite.php(47): require_once('C:\\laragon\\www\\inventory-sarpras\\public\\index.php')
INFO - 2024-08-10 04:10:38 --> Session: Class initialized using 'CodeIgniter\Session\Handlers\FileHandler' driver.
CRITICAL - 2024-08-10 04:10:38 --> Error: Call to undefined function rupiah()
in APPPATH\Views\admin\v_usulan_barang.php on line 74.
 1 SYSTEMPATH\View\View.php(228): include()
 2 SYSTEMPATH\View\View.php(231): CodeIgniter\View\View->CodeIgniter\View\{closure}()
 3 SYSTEMPATH\Common.php(1178): CodeIgniter\View\View->render('admin/v_usulan_barang', [], true)
 4 APPPATH\Views\layout\v_content.php(3): view('admin/v_usulan_barang')
 5 SYSTEMPATH\View\View.php(228): include('C:\\laragon\\www\\inventory-sarpras\\app\\Views\\layout\\v_content.php')
 6 SYSTEMPATH\View\View.php(231): CodeIgniter\View\View->CodeIgniter\View\{closure}()
 7 SYSTEMPATH\Common.php(1178): CodeIgniter\View\View->render('layout/v_content', [], true)
 8 APPPATH\Views\layout\v_wrapper.php(6): view('layout/v_content')
 9 SYSTEMPATH\View\View.php(228): include('C:\\laragon\\www\\inventory-sarpras\\app\\Views\\layout\\v_wrapper.php')
10 SYSTEMPATH\View\View.php(231): CodeIgniter\View\View->CodeIgniter\View\{closure}()
11 SYSTEMPATH\Common.php(1178): CodeIgniter\View\View->render('layout/v_wrapper', [], true)
12 APPPATH\Controllers\UsulanBarang.php(24): view('layout/v_wrapper', [...])
13 SYSTEMPATH\CodeIgniter.php(941): App\Controllers\UsulanBarang->index()
14 SYSTEMPATH\CodeIgniter.php(502): CodeIgniter\CodeIgniter->runController(Object(App\Controllers\UsulanBarang))
15 SYSTEMPATH\CodeIgniter.php(361): CodeIgniter\CodeIgniter->handleRequest(null, Object(Config\Cache), false)
16 FCPATH\index.php(79): CodeIgniter\CodeIgniter->run()
17 SYSTEMPATH\Commands\Server\rewrite.php(47): require_once('C:\\laragon\\www\\inventory-sarpras\\public\\index.php')
INFO - 2024-08-10 04:13:18 --> Session: Class initialized using 'CodeIgniter\Session\Handlers\FileHandler' driver.
CRITICAL - 2024-08-10 04:13:19 --> Error: Call to undefined function rupiah()
in APPPATH\Views\admin\v_usulan_barang.php on line 74.
 1 SYSTEMPATH\View\View.php(228): include()
 2 SYSTEMPATH\View\View.php(231): CodeIgniter\View\View->CodeIgniter\View\{closure}()
 3 SYSTEMPATH\Common.php(1178): CodeIgniter\View\View->render('admin/v_usulan_barang', [], true)
 4 APPPATH\Views\layout\v_content.php(3): view('admin/v_usulan_barang')
 5 SYSTEMPATH\View\View.php(228): include('C:\\laragon\\www\\inventory-sarpras\\app\\Views\\layout\\v_content.php')
 6 SYSTEMPATH\View\View.php(231): CodeIgniter\View\View->CodeIgniter\View\{closure}()
 7 SYSTEMPATH\Common.php(1178): CodeIgniter\View\View->render('layout/v_content', [], true)
 8 APPPATH\Views\layout\v_wrapper.php(6): view('layout/v_content')
 9 SYSTEMPATH\View\View.php(228): include('C:\\laragon\\www\\inventory-sarpras\\app\\Views\\layout\\v_wrapper.php')
10 SYSTEMPATH\View\View.php(231): CodeIgniter\View\View->CodeIgniter\View\{closure}()
11 SYSTEMPATH\Common.php(1178): CodeIgniter\View\View->render('layout/v_wrapper', [], true)
12 APPPATH\Controllers\UsulanBarang.php(24): view('layout/v_wrapper', [...])
13 SYSTEMPATH\CodeIgniter.php(941): App\Controllers\UsulanBarang->index()
14 SYSTEMPATH\CodeIgniter.php(502): CodeIgniter\CodeIgniter->runController(Object(App\Controllers\UsulanBarang))
15 SYSTEMPATH\CodeIgniter.php(361): CodeIgniter\CodeIgniter->handleRequest(null, Object(Config\Cache), false)
16 FCPATH\index.php(79): CodeIgniter\CodeIgniter->run()
17 SYSTEMPATH\Commands\Server\rewrite.php(47): require_once('C:\\laragon\\www\\inventory-sarpras\\public\\index.php')
INFO - 2024-08-10 04:18:48 --> Session: Class initialized using 'CodeIgniter\Session\Handlers\FileHandler' driver.
INFO - 2024-08-10 04:29:39 --> Session: Class initialized using 'CodeIgniter\Session\Handlers\FileHandler' driver.
INFO - 2024-08-10 04:37:08 --> Session: Class initialized using 'CodeIgniter\Session\Handlers\FileHandler' driver.
INFO - 2024-08-10 04:41:19 --> Session: Class initialized using 'CodeIgniter\Session\Handlers\FileHandler' driver.
CRITICAL - 2024-08-10 04:41:20 --> ErrorException: Undefined variable: value
in APPPATH\Views\admin\v_usulan_barang.php on line 59.
 1 APPPATH\Views\admin\v_usulan_barang.php(59): CodeIgniter\Debug\Exceptions->errorHandler(8, 'Undefined variable: value', 'C:\\laragon\\www\\inventory-sarpras\\app\\Views\\admin\\v_usulan_barang.php', 59, [...])
 2 SYSTEMPATH\View\View.php(228): include('C:\\laragon\\www\\inventory-sarpras\\app\\Views\\admin\\v_usulan_barang.php')
 3 SYSTEMPATH\View\View.php(231): CodeIgniter\View\View->CodeIgniter\View\{closure}()
 4 SYSTEMPATH\Common.php(1178): CodeIgniter\View\View->render('admin/v_usulan_barang', [], true)
 5 APPPATH\Views\layout\v_content.php(3): view('admin/v_usulan_barang')
 6 SYSTEMPATH\View\View.php(228): include('C:\\laragon\\www\\inventory-sarpras\\app\\Views\\layout\\v_content.php')
 7 SYSTEMPATH\View\View.php(231): CodeIgniter\View\View->CodeIgniter\View\{closure}()
 8 SYSTEMPATH\Common.php(1178): CodeIgniter\View\View->render('layout/v_content', [], true)
 9 APPPATH\Views\layout\v_wrapper.php(6): view('layout/v_content')
10 SYSTEMPATH\View\View.php(228): include('C:\\laragon\\www\\inventory-sarpras\\app\\Views\\layout\\v_wrapper.php')
11 SYSTEMPATH\View\View.php(231): CodeIgniter\View\View->CodeIgniter\View\{closure}()
12 SYSTEMPATH\Common.php(1178): CodeIgniter\View\View->render('layout/v_wrapper', [], true)
13 APPPATH\Controllers\UsulanBarang.php(24): view('layout/v_wrapper', [...])
14 SYSTEMPATH\CodeIgniter.php(941): App\Controllers\UsulanBarang->index()
15 SYSTEMPATH\CodeIgniter.php(502): CodeIgniter\CodeIgniter->runController(Object(App\Controllers\UsulanBarang))
16 SYSTEMPATH\CodeIgniter.php(361): CodeIgniter\CodeIgniter->handleRequest(null, Object(Config\Cache), false)
17 FCPATH\index.php(79): CodeIgniter\CodeIgniter->run()
18 SYSTEMPATH\Commands\Server\rewrite.php(47): require_once('C:\\laragon\\www\\inventory-sarpras\\public\\index.php')
INFO - 2024-08-10 04:45:26 --> Session: Class initialized using 'CodeIgniter\Session\Handlers\FileHandler' driver.
INFO - 2024-08-10 04:46:05 --> Session: Class initialized using 'CodeIgniter\Session\Handlers\FileHandler' driver.
INFO - 2024-08-10 04:46:06 --> Session: Class initialized using 'CodeIgniter\Session\Handlers\FileHandler' driver.
INFO - 2024-08-10 04:46:28 --> Session: Class initialized using 'CodeIgniter\Session\Handlers\FileHandler' driver.
CRITICAL - 2024-08-10 04:46:28 --> CodeIgniter\Database\Exceptions\DatabaseException: Deletes are not allowed unless they contain a "where" or "like" clause.
in SYSTEMPATH\Database\BaseBuilder.php on line 2763.
 1 SYSTEMPATH\Model.php(453): CodeIgniter\Database\BaseBuilder->delete()
 2 SYSTEMPATH\BaseModel.php(1117): CodeIgniter\Model->doDelete('0', false)
 3 APPPATH\Models\ModelUsulanBarang.php(38): CodeIgniter\BaseModel->delete('0')
 4 APPPATH\Controllers\UsulanBarang.php(63): App\Models\ModelUsulanBarang->deleteData('0')
 5 SYSTEMPATH\CodeIgniter.php(941): App\Controllers\UsulanBarang->delete('0')
 6 SYSTEMPATH\CodeIgniter.php(502): CodeIgniter\CodeIgniter->runController(Object(App\Controllers\UsulanBarang))
 7 SYSTEMPATH\CodeIgniter.php(361): CodeIgniter\CodeIgniter->handleRequest(null, Object(Config\Cache), false)
 8 FCPATH\index.php(79): CodeIgniter\CodeIgniter->run()
 9 SYSTEMPATH\Commands\Server\rewrite.php(47): require_once('C:\\laragon\\www\\inventory-sarpras\\public\\index.php')
INFO - 2024-08-10 04:46:36 --> Session: Class initialized using 'CodeIgniter\Session\Handlers\FileHandler' driver.
INFO - 2024-08-10 04:46:44 --> Session: Class initialized using 'CodeIgniter\Session\Handlers\FileHandler' driver.
CRITICAL - 2024-08-10 04:46:44 --> CodeIgniter\Database\Exceptions\DatabaseException: Deletes are not allowed unless they contain a "where" or "like" clause.
in SYSTEMPATH\Database\BaseBuilder.php on line 2763.
 1 SYSTEMPATH\Model.php(453): CodeIgniter\Database\BaseBuilder->delete()
 2 SYSTEMPATH\BaseModel.php(1117): CodeIgniter\Model->doDelete('0', false)
 3 APPPATH\Models\ModelUsulanBarang.php(38): CodeIgniter\BaseModel->delete('0')
 4 APPPATH\Controllers\UsulanBarang.php(63): App\Models\ModelUsulanBarang->deleteData('0')
 5 SYSTEMPATH\CodeIgniter.php(941): App\Controllers\UsulanBarang->delete('0')
 6 SYSTEMPATH\CodeIgniter.php(502): CodeIgniter\CodeIgniter->runController(Object(App\Controllers\UsulanBarang))
 7 SYSTEMPATH\CodeIgniter.php(361): CodeIgniter\CodeIgniter->handleRequest(null, Object(Config\Cache), false)
 8 FCPATH\index.php(79): CodeIgniter\CodeIgniter->run()
 9 SYSTEMPATH\Commands\Server\rewrite.php(47): require_once('C:\\laragon\\www\\inventory-sarpras\\public\\index.php')
INFO - 2024-08-10 04:46:49 --> Session: Class initialized using 'CodeIgniter\Session\Handlers\FileHandler' driver.
INFO - 2024-08-10 04:47:44 --> Session: Class initialized using 'CodeIgniter\Session\Handlers\FileHandler' driver.
CRITICAL - 2024-08-10 04:47:44 --> CodeIgniter\Database\Exceptions\DatabaseException: Deletes are not allowed unless they contain a "where" or "like" clause.
in SYSTEMPATH\Database\BaseBuilder.php on line 2763.
 1 SYSTEMPATH\Model.php(453): CodeIgniter\Database\BaseBuilder->delete()
 2 SYSTEMPATH\BaseModel.php(1117): CodeIgniter\Model->doDelete('0', false)
 3 APPPATH\Models\ModelUsulanBarang.php(38): CodeIgniter\BaseModel->delete('0')
 4 APPPATH\Controllers\UsulanBarang.php(63): App\Models\ModelUsulanBarang->deleteData('0')
 5 SYSTEMPATH\CodeIgniter.php(941): App\Controllers\UsulanBarang->delete('0')
 6 SYSTEMPATH\CodeIgniter.php(502): CodeIgniter\CodeIgniter->runController(Object(App\Controllers\UsulanBarang))
 7 SYSTEMPATH\CodeIgniter.php(361): CodeIgniter\CodeIgniter->handleRequest(null, Object(Config\Cache), false)
 8 FCPATH\index.php(79): CodeIgniter\CodeIgniter->run()
 9 SYSTEMPATH\Commands\Server\rewrite.php(47): require_once('C:\\laragon\\www\\inventory-sarpras\\public\\index.php')
INFO - 2024-08-10 04:51:44 --> Session: Class initialized using 'CodeIgniter\Session\Handlers\FileHandler' driver.
INFO - 2024-08-10 04:51:50 --> Session: Class initialized using 'CodeIgniter\Session\Handlers\FileHandler' driver.
INFO - 2024-08-10 04:51:51 --> Session: Class initialized using 'CodeIgniter\Session\Handlers\FileHandler' driver.
INFO - 2024-08-10 05:00:51 --> Session: Class initialized using 'CodeIgniter\Session\Handlers\FileHandler' driver.
INFO - 2024-08-10 05:00:51 --> Session: Class initialized using 'CodeIgniter\Session\Handlers\FileHandler' driver.
INFO - 2024-08-10 05:01:23 --> Session: Class initialized using 'CodeIgniter\Session\Handlers\FileHandler' driver.
INFO - 2024-08-10 05:01:24 --> Session: Class initialized using 'CodeIgniter\Session\Handlers\FileHandler' driver.
INFO - 2024-08-10 05:01:42 --> Session: Class initialized using 'CodeIgniter\Session\Handlers\FileHandler' driver.
INFO - 2024-08-10 05:01:43 --> Session: Class initialized using 'CodeIgniter\Session\Handlers\FileHandler' driver.
INFO - 2024-08-10 05:04:08 --> Session: Class initialized using 'CodeIgniter\Session\Handlers\FileHandler' driver.
INFO - 2024-08-10 05:04:09 --> Session: Class initialized using 'CodeIgniter\Session\Handlers\FileHandler' driver.
INFO - 2024-08-10 05:04:30 --> Session: Class initialized using 'CodeIgniter\Session\Handlers\FileHandler' driver.
INFO - 2024-08-10 05:04:30 --> Session: Class initialized using 'CodeIgniter\Session\Handlers\FileHandler' driver.
INFO - 2024-08-10 05:04:47 --> Session: Class initialized using 'CodeIgniter\Session\Handlers\FileHandler' driver.
CRITICAL - 2024-08-10 05:04:47 --> CodeIgniter\Database\Exceptions\DatabaseException: Deletes are not allowed unless they contain a "where" or "like" clause.
in SYSTEMPATH\Database\BaseBuilder.php on line 2763.
 1 SYSTEMPATH\Model.php(453): CodeIgniter\Database\BaseBuilder->delete()
 2 SYSTEMPATH\BaseModel.php(1117): CodeIgniter\Model->doDelete('0', false)
 3 APPPATH\Models\ModelUsulanBarang.php(38): CodeIgniter\BaseModel->delete('0')
 4 APPPATH\Controllers\UsulanBarang.php(66): App\Models\ModelUsulanBarang->deleteData([...])
 5 SYSTEMPATH\CodeIgniter.php(941): App\Controllers\UsulanBarang->delete('0')
 6 SYSTEMPATH\CodeIgniter.php(502): CodeIgniter\CodeIgniter->runController(Object(App\Controllers\UsulanBarang))
 7 SYSTEMPATH\CodeIgniter.php(361): CodeIgniter\CodeIgniter->handleRequest(null, Object(Config\Cache), false)
 8 FCPATH\index.php(79): CodeIgniter\CodeIgniter->run()
 9 SYSTEMPATH\Commands\Server\rewrite.php(47): require_once('C:\\laragon\\www\\inventory-sarpras\\public\\index.php')
INFO - 2024-08-10 05:21:39 --> Session: Class initialized using 'CodeIgniter\Session\Handlers\FileHandler' driver.
INFO - 2024-08-10 05:22:15 --> Session: Class initialized using 'CodeIgniter\Session\Handlers\FileHandler' driver.
INFO - 2024-08-10 05:22:16 --> Session: Class initialized using 'CodeIgniter\Session\Handlers\FileHandler' driver.
INFO - 2024-08-10 05:22:37 --> Session: Class initialized using 'CodeIgniter\Session\Handlers\FileHandler' driver.
INFO - 2024-08-10 05:22:38 --> Session: Class initialized using 'CodeIgniter\Session\Handlers\FileHandler' driver.
INFO - 2024-08-10 06:15:05 --> Session: Class initialized using 'CodeIgniter\Session\Handlers\FileHandler' driver.
INFO - 2024-08-10 06:15:06 --> Session: Class initialized using 'CodeIgniter\Session\Handlers\FileHandler' driver.
INFO - 2024-08-10 06:15:16 --> Session: Class initialized using 'CodeIgniter\Session\Handlers\FileHandler' driver.
INFO - 2024-08-10 06:15:17 --> Session: Class initialized using 'CodeIgniter\Session\Handlers\FileHandler' driver.
INFO - 2024-08-10 06:16:14 --> Session: Class initialized using 'CodeIgniter\Session\Handlers\FileHandler' driver.
INFO - 2024-08-10 06:20:31 --> Session: Class initialized using 'CodeIgniter\Session\Handlers\FileHandler' driver.
INFO - 2024-08-10 06:28:09 --> Session: Class initialized using 'CodeIgniter\Session\Handlers\FileHandler' driver.
CRITICAL - 2024-08-10 06:28:09 --> BadMethodCallException: Call to undefined method App\Models\ModelUsulanBarang::getDataByUserId
in SYSTEMPATH\Model.php on line 874.
 1 APPPATH\Controllers\UsulanBarang.php(26): CodeIgniter\Model->__call('getDataByUserId', [...])
 2 SYSTEMPATH\CodeIgniter.php(941): App\Controllers\UsulanBarang->index()
 3 SYSTEMPATH\CodeIgniter.php(502): CodeIgniter\CodeIgniter->runController(Object(App\Controllers\UsulanBarang))
 4 SYSTEMPATH\CodeIgniter.php(361): CodeIgniter\CodeIgniter->handleRequest(null, Object(Config\Cache), false)
 5 FCPATH\index.php(79): CodeIgniter\CodeIgniter->run()
 6 SYSTEMPATH\Commands\Server\rewrite.php(47): require_once('C:\\laragon\\www\\inventory-sarpras\\public\\index.php')
INFO - 2024-08-10 06:28:12 --> Session: Class initialized using 'CodeIgniter\Session\Handlers\FileHandler' driver.
INFO - 2024-08-10 06:28:16 --> Session: Class initialized using 'CodeIgniter\Session\Handlers\FileHandler' driver.
CRITICAL - 2024-08-10 06:28:16 --> BadMethodCallException: Call to undefined method App\Models\ModelUsulanBarang::getDataByUserId
in SYSTEMPATH\Model.php on line 874.
 1 APPPATH\Controllers\UsulanBarang.php(26): CodeIgniter\Model->__call('getDataByUserId', [...])
 2 SYSTEMPATH\CodeIgniter.php(941): App\Controllers\UsulanBarang->index()
 3 SYSTEMPATH\CodeIgniter.php(502): CodeIgniter\CodeIgniter->runController(Object(App\Controllers\UsulanBarang))
 4 SYSTEMPATH\CodeIgniter.php(361): CodeIgniter\CodeIgniter->handleRequest(null, Object(Config\Cache), false)
 5 FCPATH\index.php(79): CodeIgniter\CodeIgniter->run()
 6 SYSTEMPATH\Commands\Server\rewrite.php(47): require_once('C:\\laragon\\www\\inventory-sarpras\\public\\index.php')
INFO - 2024-08-10 06:28:38 --> Session: Class initialized using 'CodeIgniter\Session\Handlers\FileHandler' driver.
INFO - 2024-08-10 06:28:45 --> Session: Class initialized using 'CodeIgniter\Session\Handlers\FileHandler' driver.
INFO - 2024-08-10 06:28:49 --> Session: Class initialized using 'CodeIgniter\Session\Handlers\FileHandler' driver.
CRITICAL - 2024-08-10 06:28:49 --> BadMethodCallException: Call to undefined method App\Models\ModelUsulanBarang::getDataByUserId
in SYSTEMPATH\Model.php on line 874.
 1 APPPATH\Controllers\UsulanBarang.php(26): CodeIgniter\Model->__call('getDataByUserId', [...])
 2 SYSTEMPATH\CodeIgniter.php(941): App\Controllers\UsulanBarang->index()
 3 SYSTEMPATH\CodeIgniter.php(502): CodeIgniter\CodeIgniter->runController(Object(App\Controllers\UsulanBarang))
 4 SYSTEMPATH\CodeIgniter.php(361): CodeIgniter\CodeIgniter->handleRequest(null, Object(Config\Cache), false)
 5 FCPATH\index.php(79): CodeIgniter\CodeIgniter->run()
 6 SYSTEMPATH\Commands\Server\rewrite.php(47): require_once('C:\\laragon\\www\\inventory-sarpras\\public\\index.php')
INFO - 2024-08-10 06:33:40 --> Session: Class initialized using 'CodeIgniter\Session\Handlers\FileHandler' driver.
INFO - 2024-08-10 06:33:48 --> Session: Class initialized using 'CodeIgniter\Session\Handlers\FileHandler' driver.
INFO - 2024-08-10 06:35:32 --> Session: Class initialized using 'CodeIgniter\Session\Handlers\FileHandler' driver.
INFO - 2024-08-10 06:35:56 --> Session: Class initialized using 'CodeIgniter\Session\Handlers\FileHandler' driver.
INFO - 2024-08-10 06:36:02 --> Session: Class initialized using 'CodeIgniter\Session\Handlers\FileHandler' driver.
INFO - 2024-08-10 06:36:08 --> Session: Class initialized using 'CodeIgniter\Session\Handlers\FileHandler' driver.
INFO - 2024-08-10 06:40:43 --> Session: Class initialized using 'CodeIgniter\Session\Handlers\FileHandler' driver.
INFO - 2024-08-10 06:42:15 --> Session: Class initialized using 'CodeIgniter\Session\Handlers\FileHandler' driver.
INFO - 2024-08-10 06:42:15 --> Session: Class initialized using 'CodeIgniter\Session\Handlers\FileHandler' driver.
INFO - 2024-08-10 06:42:25 --> Session: Class initialized using 'CodeIgniter\Session\Handlers\FileHandler' driver.
INFO - 2024-08-10 06:42:40 --> Session: Class initialized using 'CodeIgniter\Session\Handlers\FileHandler' driver.
INFO - 2024-08-10 06:42:40 --> Session: Class initialized using 'CodeIgniter\Session\Handlers\FileHandler' driver.
INFO - 2024-08-10 06:42:50 --> Session: Class initialized using 'CodeIgniter\Session\Handlers\FileHandler' driver.
INFO - 2024-08-10 06:53:42 --> Session: Class initialized using 'CodeIgniter\Session\Handlers\FileHandler' driver.
INFO - 2024-08-10 06:53:43 --> Session: Class initialized using 'CodeIgniter\Session\Handlers\FileHandler' driver.
INFO - 2024-08-10 06:53:54 --> Session: Class initialized using 'CodeIgniter\Session\Handlers\FileHandler' driver.
INFO - 2024-08-10 06:54:10 --> Session: Class initialized using 'CodeIgniter\Session\Handlers\FileHandler' driver.
INFO - 2024-08-10 06:54:18 --> Session: Class initialized using 'CodeIgniter\Session\Handlers\FileHandler' driver.
INFO - 2024-08-10 06:54:34 --> Session: Class initialized using 'CodeIgniter\Session\Handlers\FileHandler' driver.
INFO - 2024-08-10 06:54:42 --> Session: Class initialized using 'CodeIgniter\Session\Handlers\FileHandler' driver.
INFO - 2024-08-10 06:55:22 --> Session: Class initialized using 'CodeIgniter\Session\Handlers\FileHandler' driver.
INFO - 2024-08-10 06:55:23 --> Session: Class initialized using 'CodeIgniter\Session\Handlers\FileHandler' driver.
INFO - 2024-08-10 06:55:34 --> Session: Class initialized using 'CodeIgniter\Session\Handlers\FileHandler' driver.
INFO - 2024-08-10 06:55:44 --> Session: Class initialized using 'CodeIgniter\Session\Handlers\FileHandler' driver.
INFO - 2024-08-10 06:55:45 --> Session: Class initialized using 'CodeIgniter\Session\Handlers\FileHandler' driver.
INFO - 2024-08-10 07:00:41 --> Session: Class initialized using 'CodeIgniter\Session\Handlers\FileHandler' driver.
INFO - 2024-08-10 07:01:24 --> Session: Class initialized using 'CodeIgniter\Session\Handlers\FileHandler' driver.
INFO - 2024-08-10 07:01:25 --> Session: Class initialized using 'CodeIgniter\Session\Handlers\FileHandler' driver.
INFO - 2024-08-10 07:01:33 --> Session: Class initialized using 'CodeIgniter\Session\Handlers\FileHandler' driver.
INFO - 2024-08-10 07:10:17 --> Session: Class initialized using 'CodeIgniter\Session\Handlers\FileHandler' driver.
INFO - 2024-08-10 07:10:21 --> Session: Class initialized using 'CodeIgniter\Session\Handlers\FileHandler' driver.
INFO - 2024-08-10 07:10:58 --> Session: Class initialized using 'CodeIgniter\Session\Handlers\FileHandler' driver.
INFO - 2024-08-10 07:12:45 --> Session: Class initialized using 'CodeIgniter\Session\Handlers\FileHandler' driver.
INFO - 2024-08-10 07:12:50 --> Session: Class initialized using 'CodeIgniter\Session\Handlers\FileHandler' driver.
INFO - 2024-08-10 07:13:05 --> Session: Class initialized using 'CodeIgniter\Session\Handlers\FileHandler' driver.
INFO - 2024-08-10 07:16:54 --> Session: Class initialized using 'CodeIgniter\Session\Handlers\FileHandler' driver.
INFO - 2024-08-10 07:17:08 --> Session: Class initialized using 'CodeIgniter\Session\Handlers\FileHandler' driver.
INFO - 2024-08-10 07:17:15 --> Session: Class initialized using 'CodeIgniter\Session\Handlers\FileHandler' driver.
INFO - 2024-08-10 07:18:03 --> Session: Class initialized using 'CodeIgniter\Session\Handlers\FileHandler' driver.
INFO - 2024-08-10 07:18:10 --> Session: Class initialized using 'CodeIgniter\Session\Handlers\FileHandler' driver.
INFO - 2024-08-10 07:20:04 --> Session: Class initialized using 'CodeIgniter\Session\Handlers\FileHandler' driver.
INFO - 2024-08-10 07:29:45 --> Session: Class initialized using 'CodeIgniter\Session\Handlers\FileHandler' driver.
INFO - 2024-08-10 07:35:25 --> Session: Class initialized using 'CodeIgniter\Session\Handlers\FileHandler' driver.
INFO - 2024-08-10 07:42:01 --> Session: Class initialized using 'CodeIgniter\Session\Handlers\FileHandler' driver.
CRITICAL - 2024-08-10 07:42:01 --> Error: Call to undefined function pg_kepsek()
in APPPATH\Views\admin\v_kelola_usulan.php on line 45.
 1 SYSTEMPATH\View\View.php(228): include()
 2 SYSTEMPATH\View\View.php(231): CodeIgniter\View\View->CodeIgniter\View\{closure}()
 3 SYSTEMPATH\Common.php(1178): CodeIgniter\View\View->render('admin/v_kelola_usulan', [], true)
 4 APPPATH\Views\layout\v_content.php(3): view('admin/v_kelola_usulan')
 5 SYSTEMPATH\View\View.php(228): include('C:\\laragon\\www\\inventory-sarpras\\app\\Views\\layout\\v_content.php')
 6 SYSTEMPATH\View\View.php(231): CodeIgniter\View\View->CodeIgniter\View\{closure}()
 7 SYSTEMPATH\Common.php(1178): CodeIgniter\View\View->render('layout/v_content', [], true)
 8 APPPATH\Views\layout\v_wrapper.php(6): view('layout/v_content')
 9 SYSTEMPATH\View\View.php(228): include('C:\\laragon\\www\\inventory-sarpras\\app\\Views\\layout\\v_wrapper.php')
10 SYSTEMPATH\View\View.php(231): CodeIgniter\View\View->CodeIgniter\View\{closure}()
11 SYSTEMPATH\Common.php(1178): CodeIgniter\View\View->render('layout/v_wrapper', [], true)
12 APPPATH\Controllers\KelolaUsulan.php(24): view('layout/v_wrapper', [...])
13 SYSTEMPATH\CodeIgniter.php(941): App\Controllers\KelolaUsulan->index()
14 SYSTEMPATH\CodeIgniter.php(502): CodeIgniter\CodeIgniter->runController(Object(App\Controllers\KelolaUsulan))
15 SYSTEMPATH\CodeIgniter.php(361): CodeIgniter\CodeIgniter->handleRequest(null, Object(Config\Cache), false)
16 FCPATH\index.php(79): CodeIgniter\CodeIgniter->run()
17 SYSTEMPATH\Commands\Server\rewrite.php(47): require_once('C:\\laragon\\www\\inventory-sarpras\\public\\index.php')
INFO - 2024-08-10 07:43:55 --> Session: Class initialized using 'CodeIgniter\Session\Handlers\FileHandler' driver.
INFO - 2024-08-10 07:50:27 --> Session: Class initialized using 'CodeIgniter\Session\Handlers\FileHandler' driver.
INFO - 2024-08-10 07:56:46 --> Session: Class initialized using 'CodeIgniter\Session\Handlers\FileHandler' driver.
INFO - 2024-08-10 07:57:03 --> Session: Class initialized using 'CodeIgniter\Session\Handlers\FileHandler' driver.
INFO - 2024-08-10 07:57:07 --> Session: Class initialized using 'CodeIgniter\Session\Handlers\FileHandler' driver.
INFO - 2024-08-10 07:57:48 --> Session: Class initialized using 'CodeIgniter\Session\Handlers\FileHandler' driver.
INFO - 2024-08-10 07:57:52 --> Session: Class initialized using 'CodeIgniter\Session\Handlers\FileHandler' driver.
INFO - 2024-08-10 07:58:05 --> Session: Class initialized using 'CodeIgniter\Session\Handlers\FileHandler' driver.
INFO - 2024-08-10 07:59:33 --> Session: Class initialized using 'CodeIgniter\Session\Handlers\FileHandler' driver.
INFO - 2024-08-10 07:59:34 --> Session: Class initialized using 'CodeIgniter\Session\Handlers\FileHandler' driver.
INFO - 2024-08-10 07:59:40 --> Session: Class initialized using 'CodeIgniter\Session\Handlers\FileHandler' driver.
CRITICAL - 2024-08-10 07:59:40 --> Error: Call to undefined function pg_kepsek()
in APPPATH\Views\admin\v_kelola_usulan.php on line 24.
 1 SYSTEMPATH\View\View.php(228): include()
 2 SYSTEMPATH\View\View.php(231): CodeIgniter\View\View->CodeIgniter\View\{closure}()
 3 SYSTEMPATH\Common.php(1178): CodeIgniter\View\View->render('admin/v_kelola_usulan', [], true)
 4 APPPATH\Views\layout\v_content.php(3): view('admin/v_kelola_usulan')
 5 SYSTEMPATH\View\View.php(228): include('C:\\laragon\\www\\inventory-sarpras\\app\\Views\\layout\\v_content.php')
 6 SYSTEMPATH\View\View.php(231): CodeIgniter\View\View->CodeIgniter\View\{closure}()
 7 SYSTEMPATH\Common.php(1178): CodeIgniter\View\View->render('layout/v_content', [], true)
 8 APPPATH\Views\layout\v_wrapper.php(6): view('layout/v_content')
 9 SYSTEMPATH\View\View.php(228): include('C:\\laragon\\www\\inventory-sarpras\\app\\Views\\layout\\v_wrapper.php')
10 SYSTEMPATH\View\View.php(231): CodeIgniter\View\View->CodeIgniter\View\{closure}()
11 SYSTEMPATH\Common.php(1178): CodeIgniter\View\View->render('layout/v_wrapper', [], true)
12 APPPATH\Controllers\KelolaUsulan.php(24): view('layout/v_wrapper', [...])
13 SYSTEMPATH\CodeIgniter.php(941): App\Controllers\KelolaUsulan->index()
14 SYSTEMPATH\CodeIgniter.php(502): CodeIgniter\CodeIgniter->runController(Object(App\Controllers\KelolaUsulan))
15 SYSTEMPATH\CodeIgniter.php(361): CodeIgniter\CodeIgniter->handleRequest(null, Object(Config\Cache), false)
16 FCPATH\index.php(79): CodeIgniter\CodeIgniter->run()
17 SYSTEMPATH\Commands\Server\rewrite.php(47): require_once('C:\\laragon\\www\\inventory-sarpras\\public\\index.php')
INFO - 2024-08-10 08:01:34 --> Session: Class initialized using 'CodeIgniter\Session\Handlers\FileHandler' driver.
INFO - 2024-08-10 08:01:48 --> Session: Class initialized using 'CodeIgniter\Session\Handlers\FileHandler' driver.
INFO - 2024-08-10 08:01:59 --> Session: Class initialized using 'CodeIgniter\Session\Handlers\FileHandler' driver.
INFO - 2024-08-10 08:02:34 --> Session: Class initialized using 'CodeIgniter\Session\Handlers\FileHandler' driver.
INFO - 2024-08-10 08:03:40 --> Session: Class initialized using 'CodeIgniter\Session\Handlers\FileHandler' driver.
INFO - 2024-08-10 14:05:09 --> Session: Class initialized using 'CodeIgniter\Session\Handlers\FileHandler' driver.
INFO - 2024-08-10 14:06:18 --> Session: Class initialized using 'CodeIgniter\Session\Handlers\FileHandler' driver.
INFO - 2024-08-10 14:06:31 --> Session: Class initialized using 'CodeIgniter\Session\Handlers\FileHandler' driver.
INFO - 2024-08-10 14:06:32 --> Session: Class initialized using 'CodeIgniter\Session\Handlers\FileHandler' driver.
INFO - 2024-08-10 14:06:39 --> Session: Class initialized using 'CodeIgniter\Session\Handlers\FileHandler' driver.
INFO - 2024-08-10 14:06:47 --> Session: Class initialized using 'CodeIgniter\Session\Handlers\FileHandler' driver.
INFO - 2024-08-10 14:12:58 --> Session: Class initialized using 'CodeIgniter\Session\Handlers\FileHandler' driver.
INFO - 2024-08-10 14:15:48 --> Session: Class initialized using 'CodeIgniter\Session\Handlers\FileHandler' driver.
INFO - 2024-08-10 14:18:13 --> Session: Class initialized using 'CodeIgniter\Session\Handlers\FileHandler' driver.
INFO - 2024-08-10 14:18:54 --> Session: Class initialized using 'CodeIgniter\Session\Handlers\FileHandler' driver.
INFO - 2024-08-10 14:20:43 --> Session: Class initialized using 'CodeIgniter\Session\Handlers\FileHandler' driver.
INFO - 2024-08-10 14:22:25 --> Session: Class initialized using 'CodeIgniter\Session\Handlers\FileHandler' driver.
INFO - 2024-08-10 14:36:50 --> Session: Class initialized using 'CodeIgniter\Session\Handlers\FileHandler' driver.
INFO - 2024-08-10 14:37:03 --> Session: Class initialized using 'CodeIgniter\Session\Handlers\FileHandler' driver.
INFO - 2024-08-10 14:37:04 --> Session: Class initialized using 'CodeIgniter\Session\Handlers\FileHandler' driver.
INFO - 2024-08-10 14:37:32 --> Session: Class initialized using 'CodeIgniter\Session\Handlers\FileHandler' driver.
INFO - 2024-08-10 14:37:43 --> Session: Class initialized using 'CodeIgniter\Session\Handlers\FileHandler' driver.
INFO - 2024-08-10 14:37:51 --> Session: Class initialized using 'CodeIgniter\Session\Handlers\FileHandler' driver.
INFO - 2024-08-10 14:46:14 --> Session: Class initialized using 'CodeIgniter\Session\Handlers\FileHandler' driver.
INFO - 2024-08-10 14:46:15 --> Session: Class initialized using 'CodeIgniter\Session\Handlers\FileHandler' driver.
INFO - 2024-08-10 14:46:20 --> Session: Class initialized using 'CodeIgniter\Session\Handlers\FileHandler' driver.
INFO - 2024-08-10 14:46:32 --> Session: Class initialized using 'CodeIgniter\Session\Handlers\FileHandler' driver.
INFO - 2024-08-10 14:46:33 --> Session: Class initialized using 'CodeIgniter\Session\Handlers\FileHandler' driver.
INFO - 2024-08-10 14:46:46 --> Session: Class initialized using 'CodeIgniter\Session\Handlers\FileHandler' driver.
INFO - 2024-08-10 14:46:47 --> Session: Class initialized using 'CodeIgniter\Session\Handlers\FileHandler' driver.
INFO - 2024-08-10 14:47:12 --> Session: Class initialized using 'CodeIgniter\Session\Handlers\FileHandler' driver.
INFO - 2024-08-10 14:47:13 --> Session: Class initialized using 'CodeIgniter\Session\Handlers\FileHandler' driver.
INFO - 2024-08-10 14:49:15 --> Session: Class initialized using 'CodeIgniter\Session\Handlers\FileHandler' driver.
INFO - 2024-08-10 14:49:16 --> Session: Class initialized using 'CodeIgniter\Session\Handlers\FileHandler' driver.
INFO - 2024-08-10 14:52:30 --> Session: Class initialized using 'CodeIgniter\Session\Handlers\FileHandler' driver.
CRITICAL - 2024-08-10 14:52:31 --> ParseError: syntax error, unexpected ')', expecting ';' or ','
in APPPATH\Views\admin\v_kelola_usulan.php on line 42.
 1 SYSTEMPATH\View\View.php(231): CodeIgniter\View\View->CodeIgniter\View\{closure}()
 2 SYSTEMPATH\Common.php(1178): CodeIgniter\View\View->render('admin/v_kelola_usulan', [], true)
 3 APPPATH\Views\layout\v_content.php(3): view('admin/v_kelola_usulan')
 4 SYSTEMPATH\View\View.php(228): include('C:\\laragon\\www\\inventory-sarpras\\app\\Views\\layout\\v_content.php')
 5 SYSTEMPATH\View\View.php(231): CodeIgniter\View\View->CodeIgniter\View\{closure}()
 6 SYSTEMPATH\Common.php(1178): CodeIgniter\View\View->render('layout/v_content', [], true)
 7 APPPATH\Views\layout\v_wrapper.php(6): view('layout/v_content')
 8 SYSTEMPATH\View\View.php(228): include('C:\\laragon\\www\\inventory-sarpras\\app\\Views\\layout\\v_wrapper.php')
 9 SYSTEMPATH\View\View.php(231): CodeIgniter\View\View->CodeIgniter\View\{closure}()
10 SYSTEMPATH\Common.php(1178): CodeIgniter\View\View->render('layout/v_wrapper', [], true)
11 APPPATH\Controllers\KelolaUsulan.php(24): view('layout/v_wrapper', [...])
12 SYSTEMPATH\CodeIgniter.php(941): App\Controllers\KelolaUsulan->index()
13 SYSTEMPATH\CodeIgniter.php(502): CodeIgniter\CodeIgniter->runController(Object(App\Controllers\KelolaUsulan))
14 SYSTEMPATH\CodeIgniter.php(361): CodeIgniter\CodeIgniter->handleRequest(null, Object(Config\Cache), false)
15 FCPATH\index.php(79): CodeIgniter\CodeIgniter->run()
16 SYSTEMPATH\Commands\Server\rewrite.php(47): require_once('C:\\laragon\\www\\inventory-sarpras\\public\\index.php')
INFO - 2024-08-10 14:53:25 --> Session: Class initialized using 'CodeIgniter\Session\Handlers\FileHandler' driver.
INFO - 2024-08-10 14:54:49 --> Session: Class initialized using 'CodeIgniter\Session\Handlers\FileHandler' driver.
INFO - 2024-08-10 14:54:56 --> Session: Class initialized using 'CodeIgniter\Session\Handlers\FileHandler' driver.
INFO - 2024-08-10 14:57:57 --> Session: Class initialized using 'CodeIgniter\Session\Handlers\FileHandler' driver.
CRITICAL - 2024-08-10 14:57:58 --> ParseError: syntax error, unexpected ')', expecting ';' or ','
in APPPATH\Views\admin\v_kelola_usulan.php on line 42.
 1 SYSTEMPATH\View\View.php(231): CodeIgniter\View\View->CodeIgniter\View\{closure}()
 2 SYSTEMPATH\Common.php(1178): CodeIgniter\View\View->render('admin/v_kelola_usulan', [], true)
 3 APPPATH\Views\layout\v_content.php(3): view('admin/v_kelola_usulan')
 4 SYSTEMPATH\View\View.php(228): include('C:\\laragon\\www\\inventory-sarpras\\app\\Views\\layout\\v_content.php')
 5 SYSTEMPATH\View\View.php(231): CodeIgniter\View\View->CodeIgniter\View\{closure}()
 6 SYSTEMPATH\Common.php(1178): CodeIgniter\View\View->render('layout/v_content', [], true)
 7 APPPATH\Views\layout\v_wrapper.php(6): view('layout/v_content')
 8 SYSTEMPATH\View\View.php(228): include('C:\\laragon\\www\\inventory-sarpras\\app\\Views\\layout\\v_wrapper.php')
 9 SYSTEMPATH\View\View.php(231): CodeIgniter\View\View->CodeIgniter\View\{closure}()
10 SYSTEMPATH\Common.php(1178): CodeIgniter\View\View->render('layout/v_wrapper', [], true)
11 APPPATH\Controllers\KelolaUsulan.php(24): view('layout/v_wrapper', [...])
12 SYSTEMPATH\CodeIgniter.php(941): App\Controllers\KelolaUsulan->index()
13 SYSTEMPATH\CodeIgniter.php(502): CodeIgniter\CodeIgniter->runController(Object(App\Controllers\KelolaUsulan))
14 SYSTEMPATH\CodeIgniter.php(361): CodeIgniter\CodeIgniter->handleRequest(null, Object(Config\Cache), false)
15 FCPATH\index.php(79): CodeIgniter\CodeIgniter->run()
16 SYSTEMPATH\Commands\Server\rewrite.php(47): require_once('C:\\laragon\\www\\inventory-sarpras\\public\\index.php')
INFO - 2024-08-10 14:59:46 --> Session: Class initialized using 'CodeIgniter\Session\Handlers\FileHandler' driver.
INFO - 2024-08-10 15:01:14 --> Session: Class initialized using 'CodeIgniter\Session\Handlers\FileHandler' driver.
CRITICAL - 2024-08-10 15:01:14 --> ErrorException: Undefined variable: jms
in APPPATH\Views\admin\v_kelola_usulan.php on line 54.
 1 APPPATH\Views\admin\v_kelola_usulan.php(54): CodeIgniter\Debug\Exceptions->errorHandler(8, 'Undefined variable: jms', 'C:\\laragon\\www\\inventory-sarpras\\app\\Views\\admin\\v_kelola_usulan.php', 54, [...])
 2 SYSTEMPATH\View\View.php(228): include('C:\\laragon\\www\\inventory-sarpras\\app\\Views\\admin\\v_kelola_usulan.php')
 3 SYSTEMPATH\View\View.php(231): CodeIgniter\View\View->CodeIgniter\View\{closure}()
 4 SYSTEMPATH\Common.php(1178): CodeIgniter\View\View->render('admin/v_kelola_usulan', [], true)
 5 APPPATH\Views\layout\v_content.php(3): view('admin/v_kelola_usulan')
 6 SYSTEMPATH\View\View.php(228): include('C:\\laragon\\www\\inventory-sarpras\\app\\Views\\layout\\v_content.php')
 7 SYSTEMPATH\View\View.php(231): CodeIgniter\View\View->CodeIgniter\View\{closure}()
 8 SYSTEMPATH\Common.php(1178): CodeIgniter\View\View->render('layout/v_content', [], true)
 9 APPPATH\Views\layout\v_wrapper.php(6): view('layout/v_content')
10 SYSTEMPATH\View\View.php(228): include('C:\\laragon\\www\\inventory-sarpras\\app\\Views\\layout\\v_wrapper.php')
11 SYSTEMPATH\View\View.php(231): CodeIgniter\View\View->CodeIgniter\View\{closure}()
12 SYSTEMPATH\Common.php(1178): CodeIgniter\View\View->render('layout/v_wrapper', [], true)
13 APPPATH\Controllers\KelolaUsulan.php(24): view('layout/v_wrapper', [...])
14 SYSTEMPATH\CodeIgniter.php(941): App\Controllers\KelolaUsulan->index()
15 SYSTEMPATH\CodeIgniter.php(502): CodeIgniter\CodeIgniter->runController(Object(App\Controllers\KelolaUsulan))
16 SYSTEMPATH\CodeIgniter.php(361): CodeIgniter\CodeIgniter->handleRequest(null, Object(Config\Cache), false)
17 FCPATH\index.php(79): CodeIgniter\CodeIgniter->run()
18 SYSTEMPATH\Commands\Server\rewrite.php(47): require_once('C:\\laragon\\www\\inventory-sarpras\\public\\index.php')
INFO - 2024-08-10 15:04:26 --> Session: Class initialized using 'CodeIgniter\Session\Handlers\FileHandler' driver.
CRITICAL - 2024-08-10 15:04:26 --> ErrorException: array_push() expects parameter 1 to be array, null given
in APPPATH\Views\admin\v_kelola_usulan.php on line 34.
 1 [internal function]: CodeIgniter\Debug\Exceptions->errorHandler(2, 'array_push() expects parameter 1 to be array, null given', 'C:\\laragon\\www\\inventory-sarpras\\app\\Views\\admin\\v_kelola_usulan.php', 34, [...])
 2 APPPATH\Views\admin\v_kelola_usulan.php(34): array_push(null, '1200000')
 3 SYSTEMPATH\View\View.php(228): include('C:\\laragon\\www\\inventory-sarpras\\app\\Views\\admin\\v_kelola_usulan.php')
 4 SYSTEMPATH\View\View.php(231): CodeIgniter\View\View->CodeIgniter\View\{closure}()
 5 SYSTEMPATH\Common.php(1178): CodeIgniter\View\View->render('admin/v_kelola_usulan', [], true)
 6 APPPATH\Views\layout\v_content.php(3): view('admin/v_kelola_usulan')
 7 SYSTEMPATH\View\View.php(228): include('C:\\laragon\\www\\inventory-sarpras\\app\\Views\\layout\\v_content.php')
 8 SYSTEMPATH\View\View.php(231): CodeIgniter\View\View->CodeIgniter\View\{closure}()
 9 SYSTEMPATH\Common.php(1178): CodeIgniter\View\View->render('layout/v_content', [], true)
10 APPPATH\Views\layout\v_wrapper.php(6): view('layout/v_content')
11 SYSTEMPATH\View\View.php(228): include('C:\\laragon\\www\\inventory-sarpras\\app\\Views\\layout\\v_wrapper.php')
12 SYSTEMPATH\View\View.php(231): CodeIgniter\View\View->CodeIgniter\View\{closure}()
13 SYSTEMPATH\Common.php(1178): CodeIgniter\View\View->render('layout/v_wrapper', [], true)
14 APPPATH\Controllers\KelolaUsulan.php(24): view('layout/v_wrapper', [...])
15 SYSTEMPATH\CodeIgniter.php(941): App\Controllers\KelolaUsulan->index()
16 SYSTEMPATH\CodeIgniter.php(502): CodeIgniter\CodeIgniter->runController(Object(App\Controllers\KelolaUsulan))
17 SYSTEMPATH\CodeIgniter.php(361): CodeIgniter\CodeIgniter->handleRequest(null, Object(Config\Cache), false)
18 FCPATH\index.php(79): CodeIgniter\CodeIgniter->run()
19 SYSTEMPATH\Commands\Server\rewrite.php(47): require_once('C:\\laragon\\www\\inventory-sarpras\\public\\index.php')
INFO - 2024-08-10 15:07:07 --> Session: Class initialized using 'CodeIgniter\Session\Handlers\FileHandler' driver.
INFO - 2024-08-10 15:09:49 --> Session: Class initialized using 'CodeIgniter\Session\Handlers\FileHandler' driver.
CRITICAL - 2024-08-10 15:09:49 --> Error: Call to undefined function rupiah()
in APPPATH\Views\admin\v_kelola_usulan.php on line 61.
 1 SYSTEMPATH\View\View.php(228): include()
 2 SYSTEMPATH\View\View.php(231): CodeIgniter\View\View->CodeIgniter\View\{closure}()
 3 SYSTEMPATH\Common.php(1178): CodeIgniter\View\View->render('admin/v_kelola_usulan', [], true)
 4 APPPATH\Views\layout\v_content.php(3): view('admin/v_kelola_usulan')
 5 SYSTEMPATH\View\View.php(228): include('C:\\laragon\\www\\inventory-sarpras\\app\\Views\\layout\\v_content.php')
 6 SYSTEMPATH\View\View.php(231): CodeIgniter\View\View->CodeIgniter\View\{closure}()
 7 SYSTEMPATH\Common.php(1178): CodeIgniter\View\View->render('layout/v_content', [], true)
 8 APPPATH\Views\layout\v_wrapper.php(6): view('layout/v_content')
 9 SYSTEMPATH\View\View.php(228): include('C:\\laragon\\www\\inventory-sarpras\\app\\Views\\layout\\v_wrapper.php')
10 SYSTEMPATH\View\View.php(231): CodeIgniter\View\View->CodeIgniter\View\{closure}()
11 SYSTEMPATH\Common.php(1178): CodeIgniter\View\View->render('layout/v_wrapper', [], true)
12 APPPATH\Controllers\KelolaUsulan.php(24): view('layout/v_wrapper', [...])
13 SYSTEMPATH\CodeIgniter.php(941): App\Controllers\KelolaUsulan->index()
14 SYSTEMPATH\CodeIgniter.php(502): CodeIgniter\CodeIgniter->runController(Object(App\Controllers\KelolaUsulan))
15 SYSTEMPATH\CodeIgniter.php(361): CodeIgniter\CodeIgniter->handleRequest(null, Object(Config\Cache), false)
16 FCPATH\index.php(79): CodeIgniter\CodeIgniter->run()
17 SYSTEMPATH\Commands\Server\rewrite.php(47): require_once('C:\\laragon\\www\\inventory-sarpras\\public\\index.php')
INFO - 2024-08-10 15:15:22 --> Session: Class initialized using 'CodeIgniter\Session\Handlers\FileHandler' driver.
CRITICAL - 2024-08-10 15:15:22 --> ErrorException: Undefined variable: jmlAprove
in APPPATH\Views\admin\v_kelola_usulan.php on line 64.
 1 APPPATH\Views\admin\v_kelola_usulan.php(64): CodeIgniter\Debug\Exceptions->errorHandler(8, 'Undefined variable: jmlAprove', 'C:\\laragon\\www\\inventory-sarpras\\app\\Views\\admin\\v_kelola_usulan.php', 64, [...])
 2 SYSTEMPATH\View\View.php(228): include('C:\\laragon\\www\\inventory-sarpras\\app\\Views\\admin\\v_kelola_usulan.php')
 3 SYSTEMPATH\View\View.php(231): CodeIgniter\View\View->CodeIgniter\View\{closure}()
 4 SYSTEMPATH\Common.php(1178): CodeIgniter\View\View->render('admin/v_kelola_usulan', [], true)
 5 APPPATH\Views\layout\v_content.php(3): view('admin/v_kelola_usulan')
 6 SYSTEMPATH\View\View.php(228): include('C:\\laragon\\www\\inventory-sarpras\\app\\Views\\layout\\v_content.php')
 7 SYSTEMPATH\View\View.php(231): CodeIgniter\View\View->CodeIgniter\View\{closure}()
 8 SYSTEMPATH\Common.php(1178): CodeIgniter\View\View->render('layout/v_content', [], true)
 9 APPPATH\Views\layout\v_wrapper.php(6): view('layout/v_content')
10 SYSTEMPATH\View\View.php(228): include('C:\\laragon\\www\\inventory-sarpras\\app\\Views\\layout\\v_wrapper.php')
11 SYSTEMPATH\View\View.php(231): CodeIgniter\View\View->CodeIgniter\View\{closure}()
12 SYSTEMPATH\Common.php(1178): CodeIgniter\View\View->render('layout/v_wrapper', [], true)
13 APPPATH\Controllers\KelolaUsulan.php(24): view('layout/v_wrapper', [...])
14 SYSTEMPATH\CodeIgniter.php(941): App\Controllers\KelolaUsulan->index()
15 SYSTEMPATH\CodeIgniter.php(502): CodeIgniter\CodeIgniter->runController(Object(App\Controllers\KelolaUsulan))
16 SYSTEMPATH\CodeIgniter.php(361): CodeIgniter\CodeIgniter->handleRequest(null, Object(Config\Cache), false)
17 FCPATH\index.php(79): CodeIgniter\CodeIgniter->run()
18 SYSTEMPATH\Commands\Server\rewrite.php(47): require_once('C:\\laragon\\www\\inventory-sarpras\\public\\index.php')
CRITICAL - 2024-08-10 15:23:02 --> ParseError: syntax error, unexpected 'public' (T_PUBLIC), expecting end of file
in APPPATH\Controllers\KelolaUsulan.php on line 49.
 1 SYSTEMPATH\Router\Router.php(515): CodeIgniter\Router\AutoRouter->getRoute('kelolausulan', 'get')
 2 SYSTEMPATH\Router\Router.php(211): CodeIgniter\Router\Router->autoRoute('kelolausulan')
 3 SYSTEMPATH\CodeIgniter.php(823): CodeIgniter\Router\Router->handle('kelolausulan')
 4 SYSTEMPATH\CodeIgniter.php(450): CodeIgniter\CodeIgniter->tryToRouteIt(Object(CodeIgniter\Router\RouteCollection))
 5 SYSTEMPATH\CodeIgniter.php(361): CodeIgniter\CodeIgniter->handleRequest(null, Object(Config\Cache), false)
 6 FCPATH\index.php(79): CodeIgniter\CodeIgniter->run()
 7 SYSTEMPATH\Commands\Server\rewrite.php(47): require_once('C:\\laragon\\www\\inventory-sarpras\\public\\index.php')
INFO - 2024-08-10 15:25:03 --> Session: Class initialized using 'CodeIgniter\Session\Handlers\FileHandler' driver.
INFO - 2024-08-10 15:27:51 --> Session: Class initialized using 'CodeIgniter\Session\Handlers\FileHandler' driver.
INFO - 2024-08-10 15:30:41 --> Session: Class initialized using 'CodeIgniter\Session\Handlers\FileHandler' driver.
INFO - 2024-08-10 15:32:21 --> Session: Class initialized using 'CodeIgniter\Session\Handlers\FileHandler' driver.
INFO - 2024-08-10 15:32:22 --> Session: Class initialized using 'CodeIgniter\Session\Handlers\FileHandler' driver.
INFO - 2024-08-10 15:33:48 --> Session: Class initialized using 'CodeIgniter\Session\Handlers\FileHandler' driver.
INFO - 2024-08-10 15:34:53 --> Session: Class initialized using 'CodeIgniter\Session\Handlers\FileHandler' driver.
INFO - 2024-08-10 15:35:08 --> Session: Class initialized using 'CodeIgniter\Session\Handlers\FileHandler' driver.
INFO - 2024-08-10 15:35:09 --> Session: Class initialized using 'CodeIgniter\Session\Handlers\FileHandler' driver.
INFO - 2024-08-10 15:35:23 --> Session: Class initialized using 'CodeIgniter\Session\Handlers\FileHandler' driver.
INFO - 2024-08-10 15:35:24 --> Session: Class initialized using 'CodeIgniter\Session\Handlers\FileHandler' driver.
INFO - 2024-08-10 15:36:43 --> Session: Class initialized using 'CodeIgniter\Session\Handlers\FileHandler' driver.
INFO - 2024-08-10 15:37:11 --> Session: Class initialized using 'CodeIgniter\Session\Handlers\FileHandler' driver.
INFO - 2024-08-10 15:38:18 --> Session: Class initialized using 'CodeIgniter\Session\Handlers\FileHandler' driver.
INFO - 2024-08-10 15:38:43 --> Session: Class initialized using 'CodeIgniter\Session\Handlers\FileHandler' driver.
INFO - 2024-08-10 15:38:51 --> Session: Class initialized using 'CodeIgniter\Session\Handlers\FileHandler' driver.
INFO - 2024-08-10 15:39:06 --> Session: Class initialized using 'CodeIgniter\Session\Handlers\FileHandler' driver.
INFO - 2024-08-10 15:39:30 --> Session: Class initialized using 'CodeIgniter\Session\Handlers\FileHandler' driver.
INFO - 2024-08-10 15:40:25 --> Session: Class initialized using 'CodeIgniter\Session\Handlers\FileHandler' driver.
INFO - 2024-08-10 15:40:52 --> Session: Class initialized using 'CodeIgniter\Session\Handlers\FileHandler' driver.
INFO - 2024-08-10 15:40:53 --> Session: Class initialized using 'CodeIgniter\Session\Handlers\FileHandler' driver.
INFO - 2024-08-10 15:41:03 --> Session: Class initialized using 'CodeIgniter\Session\Handlers\FileHandler' driver.
INFO - 2024-08-10 15:41:04 --> Session: Class initialized using 'CodeIgniter\Session\Handlers\FileHandler' driver.
INFO - 2024-08-10 15:41:12 --> Session: Class initialized using 'CodeIgniter\Session\Handlers\FileHandler' driver.
